[2020-05-30 15:01:20] local.ERROR: SQLSTATE[42S01]: Base table or view already exists: 1050 Table 'contacts' already exists (SQL: create table `contacts` (`id` bigint unsigned not null auto_increment primary key, `user_id` int unsigned not null, `first_name` varchar(191) not null, `last_name` varchar(191) not null, `phone` varchar(14) not null, `email` varchar(191) not null, `created_at` timestamp null, `updated_at` timestamp null) default character set utf8mb4 collate 'utf8mb4_unicode_ci') {"exception":"[object] (Illuminate\\Database\\QueryException(code: 42S01): SQLSTATE[42S01]: Base table or view already exists: 1050 Table 'contacts' already exists (SQL: create table `contacts` (`id` bigint unsigned not null auto_increment primary key, `user_id` int unsigned not null, `first_name` varchar(191) not null, `last_name` varchar(191) not null, `phone` varchar(14) not null, `email` varchar(191) not null, `created_at` timestamp null, `updated_at` timestamp null) default character set utf8mb4 collate 'utf8mb4_unicode_ci') at C:\\mysql\\htdocs\\laravel-ajax-crud-master\\laravel-ajax-crud-master\\vendor\\laravel\\framework\\src\\Illuminate\\Database\\Connection.php:664, PDOException(code: 42S01): SQLSTATE[42S01]: Base table or view already exists: 1050 Table 'contacts' already exists at C:\\mysql\\htdocs\\laravel-ajax-crud-master\\laravel-ajax-crud-master\\vendor\\laravel\\framework\\src\\Illuminate\\Database\\Connection.php:458)
[stacktrace]
#0 C:\\mysql\\htdocs\\laravel-ajax-crud-master\\laravel-ajax-crud-master\\vendor\\laravel\\framework\\src\\Illuminate\\Database\\Connection.php(624): Illuminate\\Database\\Connection->runQueryCallback('create table `c...', Array, Object(Closure))
#1 C:\\mysql\\htdocs\\laravel-ajax-crud-master\\laravel-ajax-crud-master\\vendor\\laravel\\framework\\src\\Illuminate\\Database\\Connection.php(459): Illuminate\\Database\\Connection->run('create table `c...', Array, Object(Closure))
#2 C:\\mysql\\htdocs\\laravel-ajax-crud-master\\laravel-ajax-crud-master\\vendor\\laravel\\framework\\src\\Illuminate\\Database\\Schema\\Blueprint.php(97): Illuminate\\Database\\Connection->statement('create table `c...')
#3 C:\\mysql\\htdocs\\laravel-ajax-crud-master\\laravel-ajax-crud-master\\vendor\\laravel\\framework\\src\\Illuminate\\Database\\Schema\\Builder.php(278): Illuminate\\Database\\Schema\\Blueprint->build(Object(Illuminate\\Database\\MySqlConnection), Object(Illuminate\\Database\\Schema\\Grammars\\MySqlGrammar))
#4 C:\\mysql\\htdocs\\laravel-ajax-crud-master\\laravel-ajax-crud-master\\vendor\\laravel\\framework\\src\\Illuminate\\Database\\Schema\\Builder.php(167): Illuminate\\Database\\Schema\\Builder->build(Object(Illuminate\\Database\\Schema\\Blueprint))
#5 C:\\mysql\\htdocs\\laravel-ajax-crud-master\\laravel-ajax-crud-master\\vendor\\laravel\\framework\\src\\Illuminate\\Support\\Facades\\Facade.php(239): Illuminate\\Database\\Schema\\Builder->create('contacts', Object(Closure))
#6 C:\\mysql\\htdocs\\laravel-ajax-crud-master\\laravel-ajax-crud-master\\database\\migrations\\2019_03_02_174041_create_contacts_table.php(26): Illuminate\\Support\\Facades\\Facade::__callStatic('create', Array)
#7 C:\\mysql\\htdocs\\laravel-ajax-crud-master\\laravel-ajax-crud-master\\vendor\\laravel\\framework\\src\\Illuminate\\Database\\Migrations\\Migrator.php(387): CreateContactsTable->up()
#8 C:\\mysql\\htdocs\\laravel-ajax-crud-master\\laravel-ajax-crud-master\\vendor\\laravel\\framework\\src\\Illuminate\\Database\\Migrations\\Migrator.php(396): Illuminate\\Database\\Migrations\\Migrator->Illuminate\\Database\\Migrations\\{closure}()
#9 C:\\mysql\\htdocs\\laravel-ajax-crud-master\\laravel-ajax-crud-master\\vendor\\laravel\\framework\\src\\Illuminate\\Database\\Migrations\\Migrator.php(197): Illuminate\\Database\\Migrations\\Migrator->runMigration(Object(CreateContactsTable), 'up')
#10 C:\\mysql\\htdocs\\laravel-ajax-crud-master\\laravel-ajax-crud-master\\vendor\\laravel\\framework\\src\\Illuminate\\Database\\Migrations\\Migrator.php(162): Illuminate\\Database\\Migrations\\Migrator->runUp('C:\\\\mysql\\\\htdocs...', 2, false)
#11 C:\\mysql\\htdocs\\laravel-ajax-crud-master\\laravel-ajax-crud-master\\vendor\\laravel\\framework\\src\\Illuminate\\Database\\Migrations\\Migrator.php(109): Illuminate\\Database\\Migrations\\Migrator->runPending(Array, Array)
#12 C:\\mysql\\htdocs\\laravel-ajax-crud-master\\laravel-ajax-crud-master\\vendor\\laravel\\framework\\src\\Illuminate\\Database\\Console\\Migrations\\MigrateCommand.php(71): Illuminate\\Database\\Migrations\\Migrator->run(Array, Array)
#13 [internal function]: Illuminate\\Database\\Console\\Migrations\\MigrateCommand->handle()
#14 C:\\mysql\\htdocs\\laravel-ajax-crud-master\\laravel-ajax-crud-master\\vendor\\laravel\\framework\\src\\Illuminate\\Container\\BoundMethod.php(32): call_user_func_array(Array, Array)
#15 C:\\mysql\\htdocs\\laravel-ajax-crud-master\\laravel-ajax-crud-master\\vendor\\laravel\\framework\\src\\Illuminate\\Container\\BoundMethod.php(90): Illuminate\\Container\\BoundMethod::Illuminate\\Container\\{closure}()
#16 C:\\mysql\\htdocs\\laravel-ajax-crud-master\\laravel-ajax-crud-master\\vendor\\laravel\\framework\\src\\Illuminate\\Container\\BoundMethod.php(34): Illuminate\\Container\\BoundMethod::callBoundMethod(Object(Illuminate\\Foundation\\Application), Array, Object(Closure))
#17 C:\\mysql\\htdocs\\laravel-ajax-crud-master\\laravel-ajax-crud-master\\vendor\\laravel\\framework\\src\\Illuminate\\Container\\Container.php(576): Illuminate\\Container\\BoundMethod::call(Object(Illuminate\\Foundation\\Application), Array, Array, NULL)
#18 C:\\mysql\\htdocs\\laravel-ajax-crud-master\\laravel-ajax-crud-master\\vendor\\laravel\\framework\\src\\Illuminate\\Console\\Command.php(183): Illuminate\\Container\\Container->call(Array)
#19 C:\\mysql\\htdocs\\laravel-ajax-crud-master\\laravel-ajax-crud-master\\vendor\\symfony\\console\\Command\\Command.php(255): Illuminate\\Console\\Command->execute(Object(Symfony\\Component\\Console\\Input\\ArgvInput), Object(Illuminate\\Console\\OutputStyle))
#20 C:\\mysql\\htdocs\\laravel-ajax-crud-master\\laravel-ajax-crud-master\\vendor\\laravel\\framework\\src\\Illuminate\\Console\\Command.php(170): Symfony\\Component\\Console\\Command\\Command->run(Object(Symfony\\Component\\Console\\Input\\ArgvInput), Object(Illuminate\\Console\\OutputStyle))
#21 C:\\mysql\\htdocs\\laravel-ajax-crud-master\\laravel-ajax-crud-master\\vendor\\symfony\\console\\Application.php(1001): Illuminate\\Console\\Command->run(Object(Symfony\\Component\\Console\\Input\\ArgvInput), Object(Symfony\\Component\\Console\\Output\\ConsoleOutput))
#22 C:\\mysql\\htdocs\\laravel-ajax-crud-master\\laravel-ajax-crud-master\\vendor\\symfony\\console\\Application.php(271): Symfony\\Component\\Console\\Application->doRunCommand(Object(Illuminate\\Database\\Console\\Migrations\\MigrateCommand), Object(Symfony\\Component\\Console\\Input\\ArgvInput), Object(Symfony\\Component\\Console\\Output\\ConsoleOutput))
#23 C:\\mysql\\htdocs\\laravel-ajax-crud-master\\laravel-ajax-crud-master\\vendor\\symfony\\console\\Application.php(147): Symfony\\Component\\Console\\Application->doRun(Object(Symfony\\Component\\Console\\Input\\ArgvInput), Object(Symfony\\Component\\Console\\Output\\ConsoleOutput))
#24 C:\\mysql\\htdocs\\laravel-ajax-crud-master\\laravel-ajax-crud-master\\vendor\\laravel\\framework\\src\\Illuminate\\Console\\Application.php(90): Symfony\\Component\\Console\\Application->run(Object(Symfony\\Component\\Console\\Input\\ArgvInput), Object(Symfony\\Component\\Console\\Output\\ConsoleOutput))
#25 C:\\mysql\\htdocs\\laravel-ajax-crud-master\\laravel-ajax-crud-master\\vendor\\laravel\\framework\\src\\Illuminate\\Foundation\\Console\\Kernel.php(133): Illuminate\\Console\\Application->run(Object(Symfony\\Component\\Console\\Input\\ArgvInput), Object(Symfony\\Component\\Console\\Output\\ConsoleOutput))
#26 C:\\mysql\\htdocs\\laravel-ajax-crud-master\\laravel-ajax-crud-master\\artisan(37): Illuminate\\Foundation\\Console\\Kernel->handle(Object(Symfony\\Component\\Console\\Input\\ArgvInput), Object(Symfony\\Component\\Console\\Output\\ConsoleOutput))
#27 {main}
"} 
[2020-05-30 16:43:50] local.ERROR: There are no commands defined in the "migarte" namespace.

Did you mean this?
    migrate {"exception":"[object] (Symfony\\Component\\Console\\Exception\\NamespaceNotFoundException(code: 0): There are no commands defined in the \"migarte\" namespace.

Did you mean this?
    migrate at C:\\mysql\\htdocs\\laravel-ajax-crud-master\\laravel-ajax-crud-master\\vendor\\symfony\\console\\Application.php:597)
[stacktrace]
#0 C:\\mysql\\htdocs\\laravel-ajax-crud-master\\laravel-ajax-crud-master\\vendor\\symfony\\console\\Application.php(650): Symfony\\Component\\Console\\Application->findNamespace('migarte')
#1 C:\\mysql\\htdocs\\laravel-ajax-crud-master\\laravel-ajax-crud-master\\vendor\\symfony\\console\\Application.php(235): Symfony\\Component\\Console\\Application->find('migarte:fresh')
#2 C:\\mysql\\htdocs\\laravel-ajax-crud-master\\laravel-ajax-crud-master\\vendor\\symfony\\console\\Application.php(147): Symfony\\Component\\Console\\Application->doRun(Object(Symfony\\Component\\Console\\Input\\ArgvInput), Object(Symfony\\Component\\Console\\Output\\ConsoleOutput))
#3 C:\\mysql\\htdocs\\laravel-ajax-crud-master\\laravel-ajax-crud-master\\vendor\\laravel\\framework\\src\\Illuminate\\Console\\Application.php(90): Symfony\\Component\\Console\\Application->run(Object(Symfony\\Component\\Console\\Input\\ArgvInput), Object(Symfony\\Component\\Console\\Output\\ConsoleOutput))
#4 C:\\mysql\\htdocs\\laravel-ajax-crud-master\\laravel-ajax-crud-master\\vendor\\laravel\\framework\\src\\Illuminate\\Foundation\\Console\\Kernel.php(133): Illuminate\\Console\\Application->run(Object(Symfony\\Component\\Console\\Input\\ArgvInput), Object(Symfony\\Component\\Console\\Output\\ConsoleOutput))
#5 C:\\mysql\\htdocs\\laravel-ajax-crud-master\\laravel-ajax-crud-master\\artisan(37): Illuminate\\Foundation\\Console\\Kernel->handle(Object(Symfony\\Component\\Console\\Input\\ArgvInput), Object(Symfony\\Component\\Console\\Output\\ConsoleOutput))
#6 {main}
"} 
[2020-05-30 16:43:59] local.ERROR: There are no commands defined in the "migartion" namespace. {"exception":"[object] (Symfony\\Component\\Console\\Exception\\NamespaceNotFoundException(code: 0): There are no commands defined in the \"migartion\" namespace. at C:\\mysql\\htdocs\\laravel-ajax-crud-master\\laravel-ajax-crud-master\\vendor\\symfony\\console\\Application.php:597)
[stacktrace]
#0 C:\\mysql\\htdocs\\laravel-ajax-crud-master\\laravel-ajax-crud-master\\vendor\\symfony\\console\\Application.php(650): Symfony\\Component\\Console\\Application->findNamespace('migartion')
#1 C:\\mysql\\htdocs\\laravel-ajax-crud-master\\laravel-ajax-crud-master\\vendor\\symfony\\console\\Application.php(235): Symfony\\Component\\Console\\Application->find('migartion:fresh')
#2 C:\\mysql\\htdocs\\laravel-ajax-crud-master\\laravel-ajax-crud-master\\vendor\\symfony\\console\\Application.php(147): Symfony\\Component\\Console\\Application->doRun(Object(Symfony\\Component\\Console\\Input\\ArgvInput), Object(Symfony\\Component\\Console\\Output\\ConsoleOutput))
#3 C:\\mysql\\htdocs\\laravel-ajax-crud-master\\laravel-ajax-crud-master\\vendor\\laravel\\framework\\src\\Illuminate\\Console\\Application.php(90): Symfony\\Component\\Console\\Application->run(Object(Symfony\\Component\\Console\\Input\\ArgvInput), Object(Symfony\\Component\\Console\\Output\\ConsoleOutput))
#4 C:\\mysql\\htdocs\\laravel-ajax-crud-master\\laravel-ajax-crud-master\\vendor\\laravel\\framework\\src\\Illuminate\\Foundation\\Console\\Kernel.php(133): Illuminate\\Console\\Application->run(Object(Symfony\\Component\\Console\\Input\\ArgvInput), Object(Symfony\\Component\\Console\\Output\\ConsoleOutput))
#5 C:\\mysql\\htdocs\\laravel-ajax-crud-master\\laravel-ajax-crud-master\\artisan(37): Illuminate\\Foundation\\Console\\Kernel->handle(Object(Symfony\\Component\\Console\\Input\\ArgvInput), Object(Symfony\\Component\\Console\\Output\\ConsoleOutput))
#6 {main}
"} 
[2020-05-30 16:44:20] local.ERROR: SQLSTATE[HY000]: General error: 1005 Can't create table `laraajax2`.`contacts` (errno: 150 "Foreign key constraint is incorrectly formed") (SQL: alter table `contacts` add constraint `contacts_user_id_foreign` foreign key (`user_id`) references `users` (`id`)) {"exception":"[object] (Illuminate\\Database\\QueryException(code: HY000): SQLSTATE[HY000]: General error: 1005 Can't create table `laraajax2`.`contacts` (errno: 150 \"Foreign key constraint is incorrectly formed\") (SQL: alter table `contacts` add constraint `contacts_user_id_foreign` foreign key (`user_id`) references `users` (`id`)) at C:\\mysql\\htdocs\\laravel-ajax-crud-master\\laravel-ajax-crud-master\\vendor\\laravel\\framework\\src\\Illuminate\\Database\\Connection.php:664, PDOException(code: HY000): SQLSTATE[HY000]: General error: 1005 Can't create table `laraajax2`.`contacts` (errno: 150 \"Foreign key constraint is incorrectly formed\") at C:\\mysql\\htdocs\\laravel-ajax-crud-master\\laravel-ajax-crud-master\\vendor\\laravel\\framework\\src\\Illuminate\\Database\\Connection.php:458)
[stacktrace]
#0 C:\\mysql\\htdocs\\laravel-ajax-crud-master\\laravel-ajax-crud-master\\vendor\\laravel\\framework\\src\\Illuminate\\Database\\Connection.php(624): Illuminate\\Database\\Connection->runQueryCallback('alter table `co...', Array, Object(Closure))
#1 C:\\mysql\\htdocs\\laravel-ajax-crud-master\\laravel-ajax-crud-master\\vendor\\laravel\\framework\\src\\Illuminate\\Database\\Connection.php(459): Illuminate\\Database\\Connection->run('alter table `co...', Array, Object(Closure))
#2 C:\\mysql\\htdocs\\laravel-ajax-crud-master\\laravel-ajax-crud-master\\vendor\\laravel\\framework\\src\\Illuminate\\Database\\Schema\\Blueprint.php(97): Illuminate\\Database\\Connection->statement('alter table `co...')
#3 C:\\mysql\\htdocs\\laravel-ajax-crud-master\\laravel-ajax-crud-master\\vendor\\laravel\\framework\\src\\Illuminate\\Database\\Schema\\Builder.php(278): Illuminate\\Database\\Schema\\Blueprint->build(Object(Illuminate\\Database\\MySqlConnection), Object(Illuminate\\Database\\Schema\\Grammars\\MySqlGrammar))
#4 C:\\mysql\\htdocs\\laravel-ajax-crud-master\\laravel-ajax-crud-master\\vendor\\laravel\\framework\\src\\Illuminate\\Database\\Schema\\Builder.php(167): Illuminate\\Database\\Schema\\Builder->build(Object(Illuminate\\Database\\Schema\\Blueprint))
#5 C:\\mysql\\htdocs\\laravel-ajax-crud-master\\laravel-ajax-crud-master\\vendor\\laravel\\framework\\src\\Illuminate\\Support\\Facades\\Facade.php(239): Illuminate\\Database\\Schema\\Builder->create('contacts', Object(Closure))
#6 C:\\mysql\\htdocs\\laravel-ajax-crud-master\\laravel-ajax-crud-master\\database\\migrations\\2019_03_02_174041_create_contacts_table.php(28): Illuminate\\Support\\Facades\\Facade::__callStatic('create', Array)
#7 C:\\mysql\\htdocs\\laravel-ajax-crud-master\\laravel-ajax-crud-master\\vendor\\laravel\\framework\\src\\Illuminate\\Database\\Migrations\\Migrator.php(387): CreateContactsTable->up()
#8 C:\\mysql\\htdocs\\laravel-ajax-crud-master\\laravel-ajax-crud-master\\vendor\\laravel\\framework\\src\\Illuminate\\Database\\Migrations\\Migrator.php(396): Illuminate\\Database\\Migrations\\Migrator->Illuminate\\Database\\Migrations\\{closure}()
#9 C:\\mysql\\htdocs\\laravel-ajax-crud-master\\laravel-ajax-crud-master\\vendor\\laravel\\framework\\src\\Illuminate\\Database\\Migrations\\Migrator.php(197): Illuminate\\Database\\Migrations\\Migrator->runMigration(Object(CreateContactsTable), 'up')
#10 C:\\mysql\\htdocs\\laravel-ajax-crud-master\\laravel-ajax-crud-master\\vendor\\laravel\\framework\\src\\Illuminate\\Database\\Migrations\\Migrator.php(162): Illuminate\\Database\\Migrations\\Migrator->runUp('C:\\\\mysql\\\\htdocs...', 1, false)
#11 C:\\mysql\\htdocs\\laravel-ajax-crud-master\\laravel-ajax-crud-master\\vendor\\laravel\\framework\\src\\Illuminate\\Database\\Migrations\\Migrator.php(109): Illuminate\\Database\\Migrations\\Migrator->runPending(Array, Array)
#12 C:\\mysql\\htdocs\\laravel-ajax-crud-master\\laravel-ajax-crud-master\\vendor\\laravel\\framework\\src\\Illuminate\\Database\\Console\\Migrations\\MigrateCommand.php(71): Illuminate\\Database\\Migrations\\Migrator->run(Array, Array)
#13 [internal function]: Illuminate\\Database\\Console\\Migrations\\MigrateCommand->handle()
#14 C:\\mysql\\htdocs\\laravel-ajax-crud-master\\laravel-ajax-crud-master\\vendor\\laravel\\framework\\src\\Illuminate\\Container\\BoundMethod.php(32): call_user_func_array(Array, Array)
#15 C:\\mysql\\htdocs\\laravel-ajax-crud-master\\laravel-ajax-crud-master\\vendor\\laravel\\framework\\src\\Illuminate\\Container\\BoundMethod.php(90): Illuminate\\Container\\BoundMethod::Illuminate\\Container\\{closure}()
#16 C:\\mysql\\htdocs\\laravel-ajax-crud-master\\laravel-ajax-crud-master\\vendor\\laravel\\framework\\src\\Illuminate\\Container\\BoundMethod.php(34): Illuminate\\Container\\BoundMethod::callBoundMethod(Object(Illuminate\\Foundation\\Application), Array, Object(Closure))
#17 C:\\mysql\\htdocs\\laravel-ajax-crud-master\\laravel-ajax-crud-master\\vendor\\laravel\\framework\\src\\Illuminate\\Container\\Container.php(576): Illuminate\\Container\\BoundMethod::call(Object(Illuminate\\Foundation\\Application), Array, Array, NULL)
#18 C:\\mysql\\htdocs\\laravel-ajax-crud-master\\laravel-ajax-crud-master\\vendor\\laravel\\framework\\src\\Illuminate\\Console\\Command.php(183): Illuminate\\Container\\Container->call(Array)
#19 C:\\mysql\\htdocs\\laravel-ajax-crud-master\\laravel-ajax-crud-master\\vendor\\symfony\\console\\Command\\Command.php(255): Illuminate\\Console\\Command->execute(Object(Symfony\\Component\\Console\\Input\\ArrayInput), Object(Illuminate\\Console\\OutputStyle))
#20 C:\\mysql\\htdocs\\laravel-ajax-crud-master\\laravel-ajax-crud-master\\vendor\\laravel\\framework\\src\\Illuminate\\Console\\Command.php(170): Symfony\\Component\\Console\\Command\\Command->run(Object(Symfony\\Component\\Console\\Input\\ArrayInput), Object(Illuminate\\Console\\OutputStyle))
#21 C:\\mysql\\htdocs\\laravel-ajax-crud-master\\laravel-ajax-crud-master\\vendor\\laravel\\framework\\src\\Illuminate\\Console\\Command.php(198): Illuminate\\Console\\Command->run(Object(Symfony\\Component\\Console\\Input\\ArrayInput), Object(Illuminate\\Console\\OutputStyle))
#22 C:\\mysql\\htdocs\\laravel-ajax-crud-master\\laravel-ajax-crud-master\\vendor\\laravel\\framework\\src\\Illuminate\\Database\\Console\\Migrations\\FreshCommand.php(61): Illuminate\\Console\\Command->call('migrate', Array)
#23 [internal function]: Illuminate\\Database\\Console\\Migrations\\FreshCommand->handle()
#24 C:\\mysql\\htdocs\\laravel-ajax-crud-master\\laravel-ajax-crud-master\\vendor\\laravel\\framework\\src\\Illuminate\\Container\\BoundMethod.php(32): call_user_func_array(Array, Array)
#25 C:\\mysql\\htdocs\\laravel-ajax-crud-master\\laravel-ajax-crud-master\\vendor\\laravel\\framework\\src\\Illuminate\\Container\\BoundMethod.php(90): Illuminate\\Container\\BoundMethod::Illuminate\\Container\\{closure}()
#26 C:\\mysql\\htdocs\\laravel-ajax-crud-master\\laravel-ajax-crud-master\\vendor\\laravel\\framework\\src\\Illuminate\\Container\\BoundMethod.php(34): Illuminate\\Container\\BoundMethod::callBoundMethod(Object(Illuminate\\Foundation\\Application), Array, Object(Closure))
#27 C:\\mysql\\htdocs\\laravel-ajax-crud-master\\laravel-ajax-crud-master\\vendor\\laravel\\framework\\src\\Illuminate\\Container\\Container.php(576): Illuminate\\Container\\BoundMethod::call(Object(Illuminate\\Foundation\\Application), Array, Array, NULL)
#28 C:\\mysql\\htdocs\\laravel-ajax-crud-master\\laravel-ajax-crud-master\\vendor\\laravel\\framework\\src\\Illuminate\\Console\\Command.php(183): Illuminate\\Container\\Container->call(Array)
#29 C:\\mysql\\htdocs\\laravel-ajax-crud-master\\laravel-ajax-crud-master\\vendor\\symfony\\console\\Command\\Command.php(255): Illuminate\\Console\\Command->execute(Object(Symfony\\Component\\Console\\Input\\ArgvInput), Object(Illuminate\\Console\\OutputStyle))
#30 C:\\mysql\\htdocs\\laravel-ajax-crud-master\\laravel-ajax-crud-master\\vendor\\laravel\\framework\\src\\Illuminate\\Console\\Command.php(170): Symfony\\Component\\Console\\Command\\Command->run(Object(Symfony\\Component\\Console\\Input\\ArgvInput), Object(Illuminate\\Console\\OutputStyle))
#31 C:\\mysql\\htdocs\\laravel-ajax-crud-master\\laravel-ajax-crud-master\\vendor\\symfony\\console\\Application.php(1001): Illuminate\\Console\\Command->run(Object(Symfony\\Component\\Console\\Input\\ArgvInput), Object(Symfony\\Component\\Console\\Output\\ConsoleOutput))
#32 C:\\mysql\\htdocs\\laravel-ajax-crud-master\\laravel-ajax-crud-master\\vendor\\symfony\\console\\Application.php(271): Symfony\\Component\\Console\\Application->doRunCommand(Object(Illuminate\\Database\\Console\\Migrations\\FreshCommand), Object(Symfony\\Component\\Console\\Input\\ArgvInput), Object(Symfony\\Component\\Console\\Output\\ConsoleOutput))
#33 C:\\mysql\\htdocs\\laravel-ajax-crud-master\\laravel-ajax-crud-master\\vendor\\symfony\\console\\Application.php(147): Symfony\\Component\\Console\\Application->doRun(Object(Symfony\\Component\\Console\\Input\\ArgvInput), Object(Symfony\\Component\\Console\\Output\\ConsoleOutput))
#34 C:\\mysql\\htdocs\\laravel-ajax-crud-master\\laravel-ajax-crud-master\\vendor\\laravel\\framework\\src\\Illuminate\\Console\\Application.php(90): Symfony\\Component\\Console\\Application->run(Object(Symfony\\Component\\Console\\Input\\ArgvInput), Object(Symfony\\Component\\Console\\Output\\ConsoleOutput))
#35 C:\\mysql\\htdocs\\laravel-ajax-crud-master\\laravel-ajax-crud-master\\vendor\\laravel\\framework\\src\\Illuminate\\Foundation\\Console\\Kernel.php(133): Illuminate\\Console\\Application->run(Object(Symfony\\Component\\Console\\Input\\ArgvInput), Object(Symfony\\Component\\Console\\Output\\ConsoleOutput))
#36 C:\\mysql\\htdocs\\laravel-ajax-crud-master\\laravel-ajax-crud-master\\artisan(37): Illuminate\\Foundation\\Console\\Kernel->handle(Object(Symfony\\Component\\Console\\Input\\ArgvInput), Object(Symfony\\Component\\Console\\Output\\ConsoleOutput))
#37 {main}
"} 
[2020-05-30 16:44:55] local.ERROR: SQLSTATE[HY000]: General error: 1005 Can't create table `laraajax2`.`contacts` (errno: 150 "Foreign key constraint is incorrectly formed") (SQL: alter table `contacts` add constraint `contacts_user_id_foreign` foreign key (`user_id`) references `users` (`id`)) {"exception":"[object] (Illuminate\\Database\\QueryException(code: HY000): SQLSTATE[HY000]: General error: 1005 Can't create table `laraajax2`.`contacts` (errno: 150 \"Foreign key constraint is incorrectly formed\") (SQL: alter table `contacts` add constraint `contacts_user_id_foreign` foreign key (`user_id`) references `users` (`id`)) at C:\\mysql\\htdocs\\laravel-ajax-crud-master\\laravel-ajax-crud-master\\vendor\\laravel\\framework\\src\\Illuminate\\Database\\Connection.php:664, PDOException(code: HY000): SQLSTATE[HY000]: General error: 1005 Can't create table `laraajax2`.`contacts` (errno: 150 \"Foreign key constraint is incorrectly formed\") at C:\\mysql\\htdocs\\laravel-ajax-crud-master\\laravel-ajax-crud-master\\vendor\\laravel\\framework\\src\\Illuminate\\Database\\Connection.php:458)
[stacktrace]
#0 C:\\mysql\\htdocs\\laravel-ajax-crud-master\\laravel-ajax-crud-master\\vendor\\laravel\\framework\\src\\Illuminate\\Database\\Connection.php(624): Illuminate\\Database\\Connection->runQueryCallback('alter table `co...', Array, Object(Closure))
#1 C:\\mysql\\htdocs\\laravel-ajax-crud-master\\laravel-ajax-crud-master\\vendor\\laravel\\framework\\src\\Illuminate\\Database\\Connection.php(459): Illuminate\\Database\\Connection->run('alter table `co...', Array, Object(Closure))
#2 C:\\mysql\\htdocs\\laravel-ajax-crud-master\\laravel-ajax-crud-master\\vendor\\laravel\\framework\\src\\Illuminate\\Database\\Schema\\Blueprint.php(97): Illuminate\\Database\\Connection->statement('alter table `co...')
#3 C:\\mysql\\htdocs\\laravel-ajax-crud-master\\laravel-ajax-crud-master\\vendor\\laravel\\framework\\src\\Illuminate\\Database\\Schema\\Builder.php(278): Illuminate\\Database\\Schema\\Blueprint->build(Object(Illuminate\\Database\\MySqlConnection), Object(Illuminate\\Database\\Schema\\Grammars\\MySqlGrammar))
#4 C:\\mysql\\htdocs\\laravel-ajax-crud-master\\laravel-ajax-crud-master\\vendor\\laravel\\framework\\src\\Illuminate\\Database\\Schema\\Builder.php(167): Illuminate\\Database\\Schema\\Builder->build(Object(Illuminate\\Database\\Schema\\Blueprint))
#5 C:\\mysql\\htdocs\\laravel-ajax-crud-master\\laravel-ajax-crud-master\\vendor\\laravel\\framework\\src\\Illuminate\\Support\\Facades\\Facade.php(239): Illuminate\\Database\\Schema\\Builder->create('contacts', Object(Closure))
#6 C:\\mysql\\htdocs\\laravel-ajax-crud-master\\laravel-ajax-crud-master\\database\\migrations\\2019_03_02_174041_create_contacts_table.php(28): Illuminate\\Support\\Facades\\Facade::__callStatic('create', Array)
#7 C:\\mysql\\htdocs\\laravel-ajax-crud-master\\laravel-ajax-crud-master\\vendor\\laravel\\framework\\src\\Illuminate\\Database\\Migrations\\Migrator.php(387): CreateContactsTable->up()
#8 C:\\mysql\\htdocs\\laravel-ajax-crud-master\\laravel-ajax-crud-master\\vendor\\laravel\\framework\\src\\Illuminate\\Database\\Migrations\\Migrator.php(396): Illuminate\\Database\\Migrations\\Migrator->Illuminate\\Database\\Migrations\\{closure}()
#9 C:\\mysql\\htdocs\\laravel-ajax-crud-master\\laravel-ajax-crud-master\\vendor\\laravel\\framework\\src\\Illuminate\\Database\\Migrations\\Migrator.php(197): Illuminate\\Database\\Migrations\\Migrator->runMigration(Object(CreateContactsTable), 'up')
#10 C:\\mysql\\htdocs\\laravel-ajax-crud-master\\laravel-ajax-crud-master\\vendor\\laravel\\framework\\src\\Illuminate\\Database\\Migrations\\Migrator.php(162): Illuminate\\Database\\Migrations\\Migrator->runUp('C:\\\\mysql\\\\htdocs...', 1, false)
#11 C:\\mysql\\htdocs\\laravel-ajax-crud-master\\laravel-ajax-crud-master\\vendor\\laravel\\framework\\src\\Illuminate\\Database\\Migrations\\Migrator.php(109): Illuminate\\Database\\Migrations\\Migrator->runPending(Array, Array)
#12 C:\\mysql\\htdocs\\laravel-ajax-crud-master\\laravel-ajax-crud-master\\vendor\\laravel\\framework\\src\\Illuminate\\Database\\Console\\Migrations\\MigrateCommand.php(71): Illuminate\\Database\\Migrations\\Migrator->run(Array, Array)
#13 [internal function]: Illuminate\\Database\\Console\\Migrations\\MigrateCommand->handle()
#14 C:\\mysql\\htdocs\\laravel-ajax-crud-master\\laravel-ajax-crud-master\\vendor\\laravel\\framework\\src\\Illuminate\\Container\\BoundMethod.php(32): call_user_func_array(Array, Array)
#15 C:\\mysql\\htdocs\\laravel-ajax-crud-master\\laravel-ajax-crud-master\\vendor\\laravel\\framework\\src\\Illuminate\\Container\\BoundMethod.php(90): Illuminate\\Container\\BoundMethod::Illuminate\\Container\\{closure}()
#16 C:\\mysql\\htdocs\\laravel-ajax-crud-master\\laravel-ajax-crud-master\\vendor\\laravel\\framework\\src\\Illuminate\\Container\\BoundMethod.php(34): Illuminate\\Container\\BoundMethod::callBoundMethod(Object(Illuminate\\Foundation\\Application), Array, Object(Closure))
#17 C:\\mysql\\htdocs\\laravel-ajax-crud-master\\laravel-ajax-crud-master\\vendor\\laravel\\framework\\src\\Illuminate\\Container\\Container.php(576): Illuminate\\Container\\BoundMethod::call(Object(Illuminate\\Foundation\\Application), Array, Array, NULL)
#18 C:\\mysql\\htdocs\\laravel-ajax-crud-master\\laravel-ajax-crud-master\\vendor\\laravel\\framework\\src\\Illuminate\\Console\\Command.php(183): Illuminate\\Container\\Container->call(Array)
#19 C:\\mysql\\htdocs\\laravel-ajax-crud-master\\laravel-ajax-crud-master\\vendor\\symfony\\console\\Command\\Command.php(255): Illuminate\\Console\\Command->execute(Object(Symfony\\Component\\Console\\Input\\ArrayInput), Object(Illuminate\\Console\\OutputStyle))
#20 C:\\mysql\\htdocs\\laravel-ajax-crud-master\\laravel-ajax-crud-master\\vendor\\laravel\\framework\\src\\Illuminate\\Console\\Command.php(170): Symfony\\Component\\Console\\Command\\Command->run(Object(Symfony\\Component\\Console\\Input\\ArrayInput), Object(Illuminate\\Console\\OutputStyle))
#21 C:\\mysql\\htdocs\\laravel-ajax-crud-master\\laravel-ajax-crud-master\\vendor\\laravel\\framework\\src\\Illuminate\\Console\\Command.php(198): Illuminate\\Console\\Command->run(Object(Symfony\\Component\\Console\\Input\\ArrayInput), Object(Illuminate\\Console\\OutputStyle))
#22 C:\\mysql\\htdocs\\laravel-ajax-crud-master\\laravel-ajax-crud-master\\vendor\\laravel\\framework\\src\\Illuminate\\Database\\Console\\Migrations\\FreshCommand.php(61): Illuminate\\Console\\Command->call('migrate', Array)
#23 [internal function]: Illuminate\\Database\\Console\\Migrations\\FreshCommand->handle()
#24 C:\\mysql\\htdocs\\laravel-ajax-crud-master\\laravel-ajax-crud-master\\vendor\\laravel\\framework\\src\\Illuminate\\Container\\BoundMethod.php(32): call_user_func_array(Array, Array)
#25 C:\\mysql\\htdocs\\laravel-ajax-crud-master\\laravel-ajax-crud-master\\vendor\\laravel\\framework\\src\\Illuminate\\Container\\BoundMethod.php(90): Illuminate\\Container\\BoundMethod::Illuminate\\Container\\{closure}()
#26 C:\\mysql\\htdocs\\laravel-ajax-crud-master\\laravel-ajax-crud-master\\vendor\\laravel\\framework\\src\\Illuminate\\Container\\BoundMethod.php(34): Illuminate\\Container\\BoundMethod::callBoundMethod(Object(Illuminate\\Foundation\\Application), Array, Object(Closure))
#27 C:\\mysql\\htdocs\\laravel-ajax-crud-master\\laravel-ajax-crud-master\\vendor\\laravel\\framework\\src\\Illuminate\\Container\\Container.php(576): Illuminate\\Container\\BoundMethod::call(Object(Illuminate\\Foundation\\Application), Array, Array, NULL)
#28 C:\\mysql\\htdocs\\laravel-ajax-crud-master\\laravel-ajax-crud-master\\vendor\\laravel\\framework\\src\\Illuminate\\Console\\Command.php(183): Illuminate\\Container\\Container->call(Array)
#29 C:\\mysql\\htdocs\\laravel-ajax-crud-master\\laravel-ajax-crud-master\\vendor\\symfony\\console\\Command\\Command.php(255): Illuminate\\Console\\Command->execute(Object(Symfony\\Component\\Console\\Input\\ArgvInput), Object(Illuminate\\Console\\OutputStyle))
#30 C:\\mysql\\htdocs\\laravel-ajax-crud-master\\laravel-ajax-crud-master\\vendor\\laravel\\framework\\src\\Illuminate\\Console\\Command.php(170): Symfony\\Component\\Console\\Command\\Command->run(Object(Symfony\\Component\\Console\\Input\\ArgvInput), Object(Illuminate\\Console\\OutputStyle))
#31 C:\\mysql\\htdocs\\laravel-ajax-crud-master\\laravel-ajax-crud-master\\vendor\\symfony\\console\\Application.php(1001): Illuminate\\Console\\Command->run(Object(Symfony\\Component\\Console\\Input\\ArgvInput), Object(Symfony\\Component\\Console\\Output\\ConsoleOutput))
#32 C:\\mysql\\htdocs\\laravel-ajax-crud-master\\laravel-ajax-crud-master\\vendor\\symfony\\console\\Application.php(271): Symfony\\Component\\Console\\Application->doRunCommand(Object(Illuminate\\Database\\Console\\Migrations\\FreshCommand), Object(Symfony\\Component\\Console\\Input\\ArgvInput), Object(Symfony\\Component\\Console\\Output\\ConsoleOutput))
#33 C:\\mysql\\htdocs\\laravel-ajax-crud-master\\laravel-ajax-crud-master\\vendor\\symfony\\console\\Application.php(147): Symfony\\Component\\Console\\Application->doRun(Object(Symfony\\Component\\Console\\Input\\ArgvInput), Object(Symfony\\Component\\Console\\Output\\ConsoleOutput))
#34 C:\\mysql\\htdocs\\laravel-ajax-crud-master\\laravel-ajax-crud-master\\vendor\\laravel\\framework\\src\\Illuminate\\Console\\Application.php(90): Symfony\\Component\\Console\\Application->run(Object(Symfony\\Component\\Console\\Input\\ArgvInput), Object(Symfony\\Component\\Console\\Output\\ConsoleOutput))
#35 C:\\mysql\\htdocs\\laravel-ajax-crud-master\\laravel-ajax-crud-master\\vendor\\laravel\\framework\\src\\Illuminate\\Foundation\\Console\\Kernel.php(133): Illuminate\\Console\\Application->run(Object(Symfony\\Component\\Console\\Input\\ArgvInput), Object(Symfony\\Component\\Console\\Output\\ConsoleOutput))
#36 C:\\mysql\\htdocs\\laravel-ajax-crud-master\\laravel-ajax-crud-master\\artisan(37): Illuminate\\Foundation\\Console\\Kernel->handle(Object(Symfony\\Component\\Console\\Input\\ArgvInput), Object(Symfony\\Component\\Console\\Output\\ConsoleOutput))
#37 {main}
"} 
[2020-05-30 19:16:40] local.ERROR: syntax error, unexpected ''dob'' (T_CONSTANT_ENCAPSED_STRING), expecting ']' {"exception":"[object] (Symfony\\Component\\Debug\\Exception\\FatalThrowableError(code: 0): syntax error, unexpected ''dob'' (T_CONSTANT_ENCAPSED_STRING), expecting ']' at C:\\mysql\\htdocs\\laravel-ajax-crud-master\\laravel-ajax-crud-master\\app\\Http\\Controllers\\ContactController.php:102)
[stacktrace]
#0 C:\\mysql\\htdocs\\laravel-ajax-crud-master\\laravel-ajax-crud-master\\vendor\\composer\\ClassLoader.php(322): Composer\\Autoload\\includeFile('C:\\\\mysql\\\\htdocs...')
#1 [internal function]: Composer\\Autoload\\ClassLoader->loadClass('App\\\\Http\\\\Contro...')
#2 [internal function]: spl_autoload_call('App\\\\Http\\\\Contro...')
#3 C:\\mysql\\htdocs\\laravel-ajax-crud-master\\laravel-ajax-crud-master\\vendor\\laravel\\framework\\src\\Illuminate\\Container\\Container.php(788): ReflectionClass->__construct('App\\\\Http\\\\Contro...')
#4 C:\\mysql\\htdocs\\laravel-ajax-crud-master\\laravel-ajax-crud-master\\vendor\\laravel\\framework\\src\\Illuminate\\Container\\Container.php(667): Illuminate\\Container\\Container->build('App\\\\Http\\\\Contro...')
#5 C:\\mysql\\htdocs\\laravel-ajax-crud-master\\laravel-ajax-crud-master\\vendor\\laravel\\framework\\src\\Illuminate\\Container\\Container.php(615): Illuminate\\Container\\Container->resolve('App\\\\Http\\\\Contro...', Array)
#6 C:\\mysql\\htdocs\\laravel-ajax-crud-master\\laravel-ajax-crud-master\\vendor\\laravel\\framework\\src\\Illuminate\\Foundation\\Application.php(767): Illuminate\\Container\\Container->make('App\\\\Http\\\\Contro...', Array)
#7 C:\\mysql\\htdocs\\laravel-ajax-crud-master\\laravel-ajax-crud-master\\vendor\\laravel\\framework\\src\\Illuminate\\Routing\\Route.php(233): Illuminate\\Foundation\\Application->make('App\\\\Http\\\\Contro...')
#8 C:\\mysql\\htdocs\\laravel-ajax-crud-master\\laravel-ajax-crud-master\\vendor\\laravel\\framework\\src\\Illuminate\\Routing\\Route.php(833): Illuminate\\Routing\\Route->getController()
#9 C:\\mysql\\htdocs\\laravel-ajax-crud-master\\laravel-ajax-crud-master\\vendor\\laravel\\framework\\src\\Illuminate\\Routing\\Route.php(794): Illuminate\\Routing\\Route->controllerMiddleware()
#10 C:\\mysql\\htdocs\\laravel-ajax-crud-master\\laravel-ajax-crud-master\\vendor\\laravel\\framework\\src\\Illuminate\\Routing\\Router.php(693): Illuminate\\Routing\\Route->gatherMiddleware()
#11 C:\\mysql\\htdocs\\laravel-ajax-crud-master\\laravel-ajax-crud-master\\vendor\\laravel\\framework\\src\\Illuminate\\Routing\\Router.php(673): Illuminate\\Routing\\Router->gatherRouteMiddleware(Object(Illuminate\\Routing\\Route))
#12 C:\\mysql\\htdocs\\laravel-ajax-crud-master\\laravel-ajax-crud-master\\vendor\\laravel\\framework\\src\\Illuminate\\Routing\\Router.php(657): Illuminate\\Routing\\Router->runRouteWithinStack(Object(Illuminate\\Routing\\Route), Object(Illuminate\\Http\\Request))
#13 C:\\mysql\\htdocs\\laravel-ajax-crud-master\\laravel-ajax-crud-master\\vendor\\laravel\\framework\\src\\Illuminate\\Routing\\Router.php(623): Illuminate\\Routing\\Router->runRoute(Object(Illuminate\\Http\\Request), Object(Illuminate\\Routing\\Route))
#14 C:\\mysql\\htdocs\\laravel-ajax-crud-master\\laravel-ajax-crud-master\\vendor\\laravel\\framework\\src\\Illuminate\\Routing\\Router.php(612): Illuminate\\Routing\\Router->dispatchToRoute(Object(Illuminate\\Http\\Request))
#15 C:\\mysql\\htdocs\\laravel-ajax-crud-master\\laravel-ajax-crud-master\\vendor\\laravel\\framework\\src\\Illuminate\\Foundation\\Http\\Kernel.php(176): Illuminate\\Routing\\Router->dispatch(Object(Illuminate\\Http\\Request))
#16 C:\\mysql\\htdocs\\laravel-ajax-crud-master\\laravel-ajax-crud-master\\vendor\\laravel\\framework\\src\\Illuminate\\Routing\\Pipeline.php(30): Illuminate\\Foundation\\Http\\Kernel->Illuminate\\Foundation\\Http\\{closure}(Object(Illuminate\\Http\\Request))
#17 C:\\mysql\\htdocs\\laravel-ajax-crud-master\\laravel-ajax-crud-master\\vendor\\fideloper\\proxy\\src\\TrustProxies.php(57): Illuminate\\Routing\\Pipeline->Illuminate\\Routing\\{closure}(Object(Illuminate\\Http\\Request))
#18 C:\\mysql\\htdocs\\laravel-ajax-crud-master\\laravel-ajax-crud-master\\vendor\\laravel\\framework\\src\\Illuminate\\Pipeline\\Pipeline.php(163): Fideloper\\Proxy\\TrustProxies->handle(Object(Illuminate\\Http\\Request), Object(Closure))
#19 C:\\mysql\\htdocs\\laravel-ajax-crud-master\\laravel-ajax-crud-master\\vendor\\laravel\\framework\\src\\Illuminate\\Routing\\Pipeline.php(53): Illuminate\\Pipeline\\Pipeline->Illuminate\\Pipeline\\{closure}(Object(Illuminate\\Http\\Request))
#20 C:\\mysql\\htdocs\\laravel-ajax-crud-master\\laravel-ajax-crud-master\\vendor\\laravel\\framework\\src\\Illuminate\\Foundation\\Http\\Middleware\\TransformsRequest.php(21): Illuminate\\Routing\\Pipeline->Illuminate\\Routing\\{closure}(Object(Illuminate\\Http\\Request))
#21 C:\\mysql\\htdocs\\laravel-ajax-crud-master\\laravel-ajax-crud-master\\vendor\\laravel\\framework\\src\\Illuminate\\Pipeline\\Pipeline.php(163): Illuminate\\Foundation\\Http\\Middleware\\TransformsRequest->handle(Object(Illuminate\\Http\\Request), Object(Closure))
#22 C:\\mysql\\htdocs\\laravel-ajax-crud-master\\laravel-ajax-crud-master\\vendor\\laravel\\framework\\src\\Illuminate\\Routing\\Pipeline.php(53): Illuminate\\Pipeline\\Pipeline->Illuminate\\Pipeline\\{closure}(Object(Illuminate\\Http\\Request))
#23 C:\\mysql\\htdocs\\laravel-ajax-crud-master\\laravel-ajax-crud-master\\vendor\\laravel\\framework\\src\\Illuminate\\Foundation\\Http\\Middleware\\TransformsRequest.php(21): Illuminate\\Routing\\Pipeline->Illuminate\\Routing\\{closure}(Object(Illuminate\\Http\\Request))
#24 C:\\mysql\\htdocs\\laravel-ajax-crud-master\\laravel-ajax-crud-master\\vendor\\laravel\\framework\\src\\Illuminate\\Pipeline\\Pipeline.php(163): Illuminate\\Foundation\\Http\\Middleware\\TransformsRequest->handle(Object(Illuminate\\Http\\Request), Object(Closure))
#25 C:\\mysql\\htdocs\\laravel-ajax-crud-master\\laravel-ajax-crud-master\\vendor\\laravel\\framework\\src\\Illuminate\\Routing\\Pipeline.php(53): Illuminate\\Pipeline\\Pipeline->Illuminate\\Pipeline\\{closure}(Object(Illuminate\\Http\\Request))
#26 C:\\mysql\\htdocs\\laravel-ajax-crud-master\\laravel-ajax-crud-master\\vendor\\laravel\\framework\\src\\Illuminate\\Foundation\\Http\\Middleware\\ValidatePostSize.php(27): Illuminate\\Routing\\Pipeline->Illuminate\\Routing\\{closure}(Object(Illuminate\\Http\\Request))
#27 C:\\mysql\\htdocs\\laravel-ajax-crud-master\\laravel-ajax-crud-master\\vendor\\laravel\\framework\\src\\Illuminate\\Pipeline\\Pipeline.php(163): Illuminate\\Foundation\\Http\\Middleware\\ValidatePostSize->handle(Object(Illuminate\\Http\\Request), Object(Closure))
#28 C:\\mysql\\htdocs\\laravel-ajax-crud-master\\laravel-ajax-crud-master\\vendor\\laravel\\framework\\src\\Illuminate\\Routing\\Pipeline.php(53): Illuminate\\Pipeline\\Pipeline->Illuminate\\Pipeline\\{closure}(Object(Illuminate\\Http\\Request))
#29 C:\\mysql\\htdocs\\laravel-ajax-crud-master\\laravel-ajax-crud-master\\vendor\\laravel\\framework\\src\\Illuminate\\Foundation\\Http\\Middleware\\CheckForMaintenanceMode.php(62): Illuminate\\Routing\\Pipeline->Illuminate\\Routing\\{closure}(Object(Illuminate\\Http\\Request))
#30 C:\\mysql\\htdocs\\laravel-ajax-crud-master\\laravel-ajax-crud-master\\vendor\\laravel\\framework\\src\\Illuminate\\Pipeline\\Pipeline.php(163): Illuminate\\Foundation\\Http\\Middleware\\CheckForMaintenanceMode->handle(Object(Illuminate\\Http\\Request), Object(Closure))
#31 C:\\mysql\\htdocs\\laravel-ajax-crud-master\\laravel-ajax-crud-master\\vendor\\laravel\\framework\\src\\Illuminate\\Routing\\Pipeline.php(53): Illuminate\\Pipeline\\Pipeline->Illuminate\\Pipeline\\{closure}(Object(Illuminate\\Http\\Request))
#32 C:\\mysql\\htdocs\\laravel-ajax-crud-master\\laravel-ajax-crud-master\\vendor\\laravel\\framework\\src\\Illuminate\\Pipeline\\Pipeline.php(104): Illuminate\\Routing\\Pipeline->Illuminate\\Routing\\{closure}(Object(Illuminate\\Http\\Request))
#33 C:\\mysql\\htdocs\\laravel-ajax-crud-master\\laravel-ajax-crud-master\\vendor\\laravel\\framework\\src\\Illuminate\\Foundation\\Http\\Kernel.php(151): Illuminate\\Pipeline\\Pipeline->then(Object(Closure))
#34 C:\\mysql\\htdocs\\laravel-ajax-crud-master\\laravel-ajax-crud-master\\vendor\\laravel\\framework\\src\\Illuminate\\Foundation\\Http\\Kernel.php(116): Illuminate\\Foundation\\Http\\Kernel->sendRequestThroughRouter(Object(Illuminate\\Http\\Request))
#35 C:\\mysql\\htdocs\\laravel-ajax-crud-master\\laravel-ajax-crud-master\\public\\index.php(55): Illuminate\\Foundation\\Http\\Kernel->handle(Object(Illuminate\\Http\\Request))
#36 C:\\mysql\\htdocs\\laravel-ajax-crud-master\\laravel-ajax-crud-master\\server.php(21): require_once('C:\\\\mysql\\\\htdocs...')
#37 {main}
"} 
[2020-05-30 19:18:25] local.ERROR: Method Illuminate\Validation\Validator::validateDob does not exist. {"userId":1,"exception":"[object] (BadMethodCallException(code: 0): Method Illuminate\\Validation\\Validator::validateDob does not exist. at C:\\mysql\\htdocs\\laravel-ajax-crud-master\\laravel-ajax-crud-master\\vendor\\laravel\\framework\\src\\Illuminate\\Validation\\Validator.php:1187)
[stacktrace]
#0 C:\\mysql\\htdocs\\laravel-ajax-crud-master\\laravel-ajax-crud-master\\vendor\\laravel\\framework\\src\\Illuminate\\Validation\\Validator.php(398): Illuminate\\Validation\\Validator->__call('validateDob', Array)
#1 C:\\mysql\\htdocs\\laravel-ajax-crud-master\\laravel-ajax-crud-master\\vendor\\laravel\\framework\\src\\Illuminate\\Validation\\Validator.php(277): Illuminate\\Validation\\Validator->validateAttribute('dob', 'Dob')
#2 C:\\mysql\\htdocs\\laravel-ajax-crud-master\\laravel-ajax-crud-master\\vendor\\laravel\\framework\\src\\Illuminate\\Validation\\Validator.php(302): Illuminate\\Validation\\Validator->passes()
#3 C:\\mysql\\htdocs\\laravel-ajax-crud-master\\laravel-ajax-crud-master\\app\\Http\\Controllers\\ContactController.php(40): Illuminate\\Validation\\Validator->fails()
#4 [internal function]: App\\Http\\Controllers\\ContactController->store(Object(Illuminate\\Http\\Request))
#5 C:\\mysql\\htdocs\\laravel-ajax-crud-master\\laravel-ajax-crud-master\\vendor\\laravel\\framework\\src\\Illuminate\\Routing\\Controller.php(54): call_user_func_array(Array, Array)
#6 C:\\mysql\\htdocs\\laravel-ajax-crud-master\\laravel-ajax-crud-master\\vendor\\laravel\\framework\\src\\Illuminate\\Routing\\ControllerDispatcher.php(45): Illuminate\\Routing\\Controller->callAction('store', Array)
#7 C:\\mysql\\htdocs\\laravel-ajax-crud-master\\laravel-ajax-crud-master\\vendor\\laravel\\framework\\src\\Illuminate\\Routing\\Route.php(219): Illuminate\\Routing\\ControllerDispatcher->dispatch(Object(Illuminate\\Routing\\Route), Object(App\\Http\\Controllers\\ContactController), 'store')
#8 C:\\mysql\\htdocs\\laravel-ajax-crud-master\\laravel-ajax-crud-master\\vendor\\laravel\\framework\\src\\Illuminate\\Routing\\Route.php(176): Illuminate\\Routing\\Route->runController()
#9 C:\\mysql\\htdocs\\laravel-ajax-crud-master\\laravel-ajax-crud-master\\vendor\\laravel\\framework\\src\\Illuminate\\Routing\\Router.php(680): Illuminate\\Routing\\Route->run()
#10 C:\\mysql\\htdocs\\laravel-ajax-crud-master\\laravel-ajax-crud-master\\vendor\\laravel\\framework\\src\\Illuminate\\Routing\\Pipeline.php(30): Illuminate\\Routing\\Router->Illuminate\\Routing\\{closure}(Object(Illuminate\\Http\\Request))
#11 C:\\mysql\\htdocs\\laravel-ajax-crud-master\\laravel-ajax-crud-master\\vendor\\laravel\\framework\\src\\Illuminate\\Routing\\Middleware\\SubstituteBindings.php(41): Illuminate\\Routing\\Pipeline->Illuminate\\Routing\\{closure}(Object(Illuminate\\Http\\Request))
#12 C:\\mysql\\htdocs\\laravel-ajax-crud-master\\laravel-ajax-crud-master\\vendor\\laravel\\framework\\src\\Illuminate\\Pipeline\\Pipeline.php(163): Illuminate\\Routing\\Middleware\\SubstituteBindings->handle(Object(Illuminate\\Http\\Request), Object(Closure))
#13 C:\\mysql\\htdocs\\laravel-ajax-crud-master\\laravel-ajax-crud-master\\vendor\\laravel\\framework\\src\\Illuminate\\Routing\\Pipeline.php(53): Illuminate\\Pipeline\\Pipeline->Illuminate\\Pipeline\\{closure}(Object(Illuminate\\Http\\Request))
#14 C:\\mysql\\htdocs\\laravel-ajax-crud-master\\laravel-ajax-crud-master\\vendor\\laravel\\framework\\src\\Illuminate\\Auth\\Middleware\\Authenticate.php(43): Illuminate\\Routing\\Pipeline->Illuminate\\Routing\\{closure}(Object(Illuminate\\Http\\Request))
#15 C:\\mysql\\htdocs\\laravel-ajax-crud-master\\laravel-ajax-crud-master\\vendor\\laravel\\framework\\src\\Illuminate\\Pipeline\\Pipeline.php(163): Illuminate\\Auth\\Middleware\\Authenticate->handle(Object(Illuminate\\Http\\Request), Object(Closure))
#16 C:\\mysql\\htdocs\\laravel-ajax-crud-master\\laravel-ajax-crud-master\\vendor\\laravel\\framework\\src\\Illuminate\\Routing\\Pipeline.php(53): Illuminate\\Pipeline\\Pipeline->Illuminate\\Pipeline\\{closure}(Object(Illuminate\\Http\\Request))
#17 C:\\mysql\\htdocs\\laravel-ajax-crud-master\\laravel-ajax-crud-master\\vendor\\laravel\\framework\\src\\Illuminate\\Foundation\\Http\\Middleware\\VerifyCsrfToken.php(75): Illuminate\\Routing\\Pipeline->Illuminate\\Routing\\{closure}(Object(Illuminate\\Http\\Request))
#18 C:\\mysql\\htdocs\\laravel-ajax-crud-master\\laravel-ajax-crud-master\\vendor\\laravel\\framework\\src\\Illuminate\\Pipeline\\Pipeline.php(163): Illuminate\\Foundation\\Http\\Middleware\\VerifyCsrfToken->handle(Object(Illuminate\\Http\\Request), Object(Closure))
#19 C:\\mysql\\htdocs\\laravel-ajax-crud-master\\laravel-ajax-crud-master\\vendor\\laravel\\framework\\src\\Illuminate\\Routing\\Pipeline.php(53): Illuminate\\Pipeline\\Pipeline->Illuminate\\Pipeline\\{closure}(Object(Illuminate\\Http\\Request))
#20 C:\\mysql\\htdocs\\laravel-ajax-crud-master\\laravel-ajax-crud-master\\vendor\\laravel\\framework\\src\\Illuminate\\View\\Middleware\\ShareErrorsFromSession.php(49): Illuminate\\Routing\\Pipeline->Illuminate\\Routing\\{closure}(Object(Illuminate\\Http\\Request))
#21 C:\\mysql\\htdocs\\laravel-ajax-crud-master\\laravel-ajax-crud-master\\vendor\\laravel\\framework\\src\\Illuminate\\Pipeline\\Pipeline.php(163): Illuminate\\View\\Middleware\\ShareErrorsFromSession->handle(Object(Illuminate\\Http\\Request), Object(Closure))
#22 C:\\mysql\\htdocs\\laravel-ajax-crud-master\\laravel-ajax-crud-master\\vendor\\laravel\\framework\\src\\Illuminate\\Routing\\Pipeline.php(53): Illuminate\\Pipeline\\Pipeline->Illuminate\\Pipeline\\{closure}(Object(Illuminate\\Http\\Request))
#23 C:\\mysql\\htdocs\\laravel-ajax-crud-master\\laravel-ajax-crud-master\\vendor\\laravel\\framework\\src\\Illuminate\\Session\\Middleware\\StartSession.php(56): Illuminate\\Routing\\Pipeline->Illuminate\\Routing\\{closure}(Object(Illuminate\\Http\\Request))
#24 C:\\mysql\\htdocs\\laravel-ajax-crud-master\\laravel-ajax-crud-master\\vendor\\laravel\\framework\\src\\Illuminate\\Pipeline\\Pipeline.php(163): Illuminate\\Session\\Middleware\\StartSession->handle(Object(Illuminate\\Http\\Request), Object(Closure))
#25 C:\\mysql\\htdocs\\laravel-ajax-crud-master\\laravel-ajax-crud-master\\vendor\\laravel\\framework\\src\\Illuminate\\Routing\\Pipeline.php(53): Illuminate\\Pipeline\\Pipeline->Illuminate\\Pipeline\\{closure}(Object(Illuminate\\Http\\Request))
#26 C:\\mysql\\htdocs\\laravel-ajax-crud-master\\laravel-ajax-crud-master\\vendor\\laravel\\framework\\src\\Illuminate\\Cookie\\Middleware\\AddQueuedCookiesToResponse.php(37): Illuminate\\Routing\\Pipeline->Illuminate\\Routing\\{closure}(Object(Illuminate\\Http\\Request))
#27 C:\\mysql\\htdocs\\laravel-ajax-crud-master\\laravel-ajax-crud-master\\vendor\\laravel\\framework\\src\\Illuminate\\Pipeline\\Pipeline.php(163): Illuminate\\Cookie\\Middleware\\AddQueuedCookiesToResponse->handle(Object(Illuminate\\Http\\Request), Object(Closure))
#28 C:\\mysql\\htdocs\\laravel-ajax-crud-master\\laravel-ajax-crud-master\\vendor\\laravel\\framework\\src\\Illuminate\\Routing\\Pipeline.php(53): Illuminate\\Pipeline\\Pipeline->Illuminate\\Pipeline\\{closure}(Object(Illuminate\\Http\\Request))
#29 C:\\mysql\\htdocs\\laravel-ajax-crud-master\\laravel-ajax-crud-master\\vendor\\laravel\\framework\\src\\Illuminate\\Cookie\\Middleware\\EncryptCookies.php(66): Illuminate\\Routing\\Pipeline->Illuminate\\Routing\\{closure}(Object(Illuminate\\Http\\Request))
#30 C:\\mysql\\htdocs\\laravel-ajax-crud-master\\laravel-ajax-crud-master\\vendor\\laravel\\framework\\src\\Illuminate\\Pipeline\\Pipeline.php(163): Illuminate\\Cookie\\Middleware\\EncryptCookies->handle(Object(Illuminate\\Http\\Request), Object(Closure))
#31 C:\\mysql\\htdocs\\laravel-ajax-crud-master\\laravel-ajax-crud-master\\vendor\\laravel\\framework\\src\\Illuminate\\Routing\\Pipeline.php(53): Illuminate\\Pipeline\\Pipeline->Illuminate\\Pipeline\\{closure}(Object(Illuminate\\Http\\Request))
#32 C:\\mysql\\htdocs\\laravel-ajax-crud-master\\laravel-ajax-crud-master\\vendor\\laravel\\framework\\src\\Illuminate\\Pipeline\\Pipeline.php(104): Illuminate\\Routing\\Pipeline->Illuminate\\Routing\\{closure}(Object(Illuminate\\Http\\Request))
#33 C:\\mysql\\htdocs\\laravel-ajax-crud-master\\laravel-ajax-crud-master\\vendor\\laravel\\framework\\src\\Illuminate\\Routing\\Router.php(682): Illuminate\\Pipeline\\Pipeline->then(Object(Closure))
#34 C:\\mysql\\htdocs\\laravel-ajax-crud-master\\laravel-ajax-crud-master\\vendor\\laravel\\framework\\src\\Illuminate\\Routing\\Router.php(657): Illuminate\\Routing\\Router->runRouteWithinStack(Object(Illuminate\\Routing\\Route), Object(Illuminate\\Http\\Request))
#35 C:\\mysql\\htdocs\\laravel-ajax-crud-master\\laravel-ajax-crud-master\\vendor\\laravel\\framework\\src\\Illuminate\\Routing\\Router.php(623): Illuminate\\Routing\\Router->runRoute(Object(Illuminate\\Http\\Request), Object(Illuminate\\Routing\\Route))
#36 C:\\mysql\\htdocs\\laravel-ajax-crud-master\\laravel-ajax-crud-master\\vendor\\laravel\\framework\\src\\Illuminate\\Routing\\Router.php(612): Illuminate\\Routing\\Router->dispatchToRoute(Object(Illuminate\\Http\\Request))
#37 C:\\mysql\\htdocs\\laravel-ajax-crud-master\\laravel-ajax-crud-master\\vendor\\laravel\\framework\\src\\Illuminate\\Foundation\\Http\\Kernel.php(176): Illuminate\\Routing\\Router->dispatch(Object(Illuminate\\Http\\Request))
#38 C:\\mysql\\htdocs\\laravel-ajax-crud-master\\laravel-ajax-crud-master\\vendor\\laravel\\framework\\src\\Illuminate\\Routing\\Pipeline.php(30): Illuminate\\Foundation\\Http\\Kernel->Illuminate\\Foundation\\Http\\{closure}(Object(Illuminate\\Http\\Request))
#39 C:\\mysql\\htdocs\\laravel-ajax-crud-master\\laravel-ajax-crud-master\\vendor\\fideloper\\proxy\\src\\TrustProxies.php(57): Illuminate\\Routing\\Pipeline->Illuminate\\Routing\\{closure}(Object(Illuminate\\Http\\Request))
#40 C:\\mysql\\htdocs\\laravel-ajax-crud-master\\laravel-ajax-crud-master\\vendor\\laravel\\framework\\src\\Illuminate\\Pipeline\\Pipeline.php(163): Fideloper\\Proxy\\TrustProxies->handle(Object(Illuminate\\Http\\Request), Object(Closure))
#41 C:\\mysql\\htdocs\\laravel-ajax-crud-master\\laravel-ajax-crud-master\\vendor\\laravel\\framework\\src\\Illuminate\\Routing\\Pipeline.php(53): Illuminate\\Pipeline\\Pipeline->Illuminate\\Pipeline\\{closure}(Object(Illuminate\\Http\\Request))
#42 C:\\mysql\\htdocs\\laravel-ajax-crud-master\\laravel-ajax-crud-master\\vendor\\laravel\\framework\\src\\Illuminate\\Foundation\\Http\\Middleware\\TransformsRequest.php(21): Illuminate\\Routing\\Pipeline->Illuminate\\Routing\\{closure}(Object(Illuminate\\Http\\Request))
#43 C:\\mysql\\htdocs\\laravel-ajax-crud-master\\laravel-ajax-crud-master\\vendor\\laravel\\framework\\src\\Illuminate\\Pipeline\\Pipeline.php(163): Illuminate\\Foundation\\Http\\Middleware\\TransformsRequest->handle(Object(Illuminate\\Http\\Request), Object(Closure))
#44 C:\\mysql\\htdocs\\laravel-ajax-crud-master\\laravel-ajax-crud-master\\vendor\\laravel\\framework\\src\\Illuminate\\Routing\\Pipeline.php(53): Illuminate\\Pipeline\\Pipeline->Illuminate\\Pipeline\\{closure}(Object(Illuminate\\Http\\Request))
#45 C:\\mysql\\htdocs\\laravel-ajax-crud-master\\laravel-ajax-crud-master\\vendor\\laravel\\framework\\src\\Illuminate\\Foundation\\Http\\Middleware\\TransformsRequest.php(21): Illuminate\\Routing\\Pipeline->Illuminate\\Routing\\{closure}(Object(Illuminate\\Http\\Request))
#46 C:\\mysql\\htdocs\\laravel-ajax-crud-master\\laravel-ajax-crud-master\\vendor\\laravel\\framework\\src\\Illuminate\\Pipeline\\Pipeline.php(163): Illuminate\\Foundation\\Http\\Middleware\\TransformsRequest->handle(Object(Illuminate\\Http\\Request), Object(Closure))
#47 C:\\mysql\\htdocs\\laravel-ajax-crud-master\\laravel-ajax-crud-master\\vendor\\laravel\\framework\\src\\Illuminate\\Routing\\Pipeline.php(53): Illuminate\\Pipeline\\Pipeline->Illuminate\\Pipeline\\{closure}(Object(Illuminate\\Http\\Request))
#48 C:\\mysql\\htdocs\\laravel-ajax-crud-master\\laravel-ajax-crud-master\\vendor\\laravel\\framework\\src\\Illuminate\\Foundation\\Http\\Middleware\\ValidatePostSize.php(27): Illuminate\\Routing\\Pipeline->Illuminate\\Routing\\{closure}(Object(Illuminate\\Http\\Request))
#49 C:\\mysql\\htdocs\\laravel-ajax-crud-master\\laravel-ajax-crud-master\\vendor\\laravel\\framework\\src\\Illuminate\\Pipeline\\Pipeline.php(163): Illuminate\\Foundation\\Http\\Middleware\\ValidatePostSize->handle(Object(Illuminate\\Http\\Request), Object(Closure))
#50 C:\\mysql\\htdocs\\laravel-ajax-crud-master\\laravel-ajax-crud-master\\vendor\\laravel\\framework\\src\\Illuminate\\Routing\\Pipeline.php(53): Illuminate\\Pipeline\\Pipeline->Illuminate\\Pipeline\\{closure}(Object(Illuminate\\Http\\Request))
#51 C:\\mysql\\htdocs\\laravel-ajax-crud-master\\laravel-ajax-crud-master\\vendor\\laravel\\framework\\src\\Illuminate\\Foundation\\Http\\Middleware\\CheckForMaintenanceMode.php(62): Illuminate\\Routing\\Pipeline->Illuminate\\Routing\\{closure}(Object(Illuminate\\Http\\Request))
#52 C:\\mysql\\htdocs\\laravel-ajax-crud-master\\laravel-ajax-crud-master\\vendor\\laravel\\framework\\src\\Illuminate\\Pipeline\\Pipeline.php(163): Illuminate\\Foundation\\Http\\Middleware\\CheckForMaintenanceMode->handle(Object(Illuminate\\Http\\Request), Object(Closure))
#53 C:\\mysql\\htdocs\\laravel-ajax-crud-master\\laravel-ajax-crud-master\\vendor\\laravel\\framework\\src\\Illuminate\\Routing\\Pipeline.php(53): Illuminate\\Pipeline\\Pipeline->Illuminate\\Pipeline\\{closure}(Object(Illuminate\\Http\\Request))
#54 C:\\mysql\\htdocs\\laravel-ajax-crud-master\\laravel-ajax-crud-master\\vendor\\laravel\\framework\\src\\Illuminate\\Pipeline\\Pipeline.php(104): Illuminate\\Routing\\Pipeline->Illuminate\\Routing\\{closure}(Object(Illuminate\\Http\\Request))
#55 C:\\mysql\\htdocs\\laravel-ajax-crud-master\\laravel-ajax-crud-master\\vendor\\laravel\\framework\\src\\Illuminate\\Foundation\\Http\\Kernel.php(151): Illuminate\\Pipeline\\Pipeline->then(Object(Closure))
#56 C:\\mysql\\htdocs\\laravel-ajax-crud-master\\laravel-ajax-crud-master\\vendor\\laravel\\framework\\src\\Illuminate\\Foundation\\Http\\Kernel.php(116): Illuminate\\Foundation\\Http\\Kernel->sendRequestThroughRouter(Object(Illuminate\\Http\\Request))
#57 C:\\mysql\\htdocs\\laravel-ajax-crud-master\\laravel-ajax-crud-master\\public\\index.php(55): Illuminate\\Foundation\\Http\\Kernel->handle(Object(Illuminate\\Http\\Request))
#58 C:\\mysql\\htdocs\\laravel-ajax-crud-master\\laravel-ajax-crud-master\\server.php(21): require_once('C:\\\\mysql\\\\htdocs...')
#59 {main}
"} 
[2020-05-30 19:18:31] local.ERROR: Method Illuminate\Validation\Validator::validateDob does not exist. {"userId":1,"exception":"[object] (BadMethodCallException(code: 0): Method Illuminate\\Validation\\Validator::validateDob does not exist. at C:\\mysql\\htdocs\\laravel-ajax-crud-master\\laravel-ajax-crud-master\\vendor\\laravel\\framework\\src\\Illuminate\\Validation\\Validator.php:1187)
[stacktrace]
#0 C:\\mysql\\htdocs\\laravel-ajax-crud-master\\laravel-ajax-crud-master\\vendor\\laravel\\framework\\src\\Illuminate\\Validation\\Validator.php(398): Illuminate\\Validation\\Validator->__call('validateDob', Array)
#1 C:\\mysql\\htdocs\\laravel-ajax-crud-master\\laravel-ajax-crud-master\\vendor\\laravel\\framework\\src\\Illuminate\\Validation\\Validator.php(277): Illuminate\\Validation\\Validator->validateAttribute('dob', 'Dob')
#2 C:\\mysql\\htdocs\\laravel-ajax-crud-master\\laravel-ajax-crud-master\\vendor\\laravel\\framework\\src\\Illuminate\\Validation\\Validator.php(302): Illuminate\\Validation\\Validator->passes()
#3 C:\\mysql\\htdocs\\laravel-ajax-crud-master\\laravel-ajax-crud-master\\app\\Http\\Controllers\\ContactController.php(40): Illuminate\\Validation\\Validator->fails()
#4 [internal function]: App\\Http\\Controllers\\ContactController->store(Object(Illuminate\\Http\\Request))
#5 C:\\mysql\\htdocs\\laravel-ajax-crud-master\\laravel-ajax-crud-master\\vendor\\laravel\\framework\\src\\Illuminate\\Routing\\Controller.php(54): call_user_func_array(Array, Array)
#6 C:\\mysql\\htdocs\\laravel-ajax-crud-master\\laravel-ajax-crud-master\\vendor\\laravel\\framework\\src\\Illuminate\\Routing\\ControllerDispatcher.php(45): Illuminate\\Routing\\Controller->callAction('store', Array)
#7 C:\\mysql\\htdocs\\laravel-ajax-crud-master\\laravel-ajax-crud-master\\vendor\\laravel\\framework\\src\\Illuminate\\Routing\\Route.php(219): Illuminate\\Routing\\ControllerDispatcher->dispatch(Object(Illuminate\\Routing\\Route), Object(App\\Http\\Controllers\\ContactController), 'store')
#8 C:\\mysql\\htdocs\\laravel-ajax-crud-master\\laravel-ajax-crud-master\\vendor\\laravel\\framework\\src\\Illuminate\\Routing\\Route.php(176): Illuminate\\Routing\\Route->runController()
#9 C:\\mysql\\htdocs\\laravel-ajax-crud-master\\laravel-ajax-crud-master\\vendor\\laravel\\framework\\src\\Illuminate\\Routing\\Router.php(680): Illuminate\\Routing\\Route->run()
#10 C:\\mysql\\htdocs\\laravel-ajax-crud-master\\laravel-ajax-crud-master\\vendor\\laravel\\framework\\src\\Illuminate\\Routing\\Pipeline.php(30): Illuminate\\Routing\\Router->Illuminate\\Routing\\{closure}(Object(Illuminate\\Http\\Request))
#11 C:\\mysql\\htdocs\\laravel-ajax-crud-master\\laravel-ajax-crud-master\\vendor\\laravel\\framework\\src\\Illuminate\\Routing\\Middleware\\SubstituteBindings.php(41): Illuminate\\Routing\\Pipeline->Illuminate\\Routing\\{closure}(Object(Illuminate\\Http\\Request))
#12 C:\\mysql\\htdocs\\laravel-ajax-crud-master\\laravel-ajax-crud-master\\vendor\\laravel\\framework\\src\\Illuminate\\Pipeline\\Pipeline.php(163): Illuminate\\Routing\\Middleware\\SubstituteBindings->handle(Object(Illuminate\\Http\\Request), Object(Closure))
#13 C:\\mysql\\htdocs\\laravel-ajax-crud-master\\laravel-ajax-crud-master\\vendor\\laravel\\framework\\src\\Illuminate\\Routing\\Pipeline.php(53): Illuminate\\Pipeline\\Pipeline->Illuminate\\Pipeline\\{closure}(Object(Illuminate\\Http\\Request))
#14 C:\\mysql\\htdocs\\laravel-ajax-crud-master\\laravel-ajax-crud-master\\vendor\\laravel\\framework\\src\\Illuminate\\Auth\\Middleware\\Authenticate.php(43): Illuminate\\Routing\\Pipeline->Illuminate\\Routing\\{closure}(Object(Illuminate\\Http\\Request))
#15 C:\\mysql\\htdocs\\laravel-ajax-crud-master\\laravel-ajax-crud-master\\vendor\\laravel\\framework\\src\\Illuminate\\Pipeline\\Pipeline.php(163): Illuminate\\Auth\\Middleware\\Authenticate->handle(Object(Illuminate\\Http\\Request), Object(Closure))
#16 C:\\mysql\\htdocs\\laravel-ajax-crud-master\\laravel-ajax-crud-master\\vendor\\laravel\\framework\\src\\Illuminate\\Routing\\Pipeline.php(53): Illuminate\\Pipeline\\Pipeline->Illuminate\\Pipeline\\{closure}(Object(Illuminate\\Http\\Request))
#17 C:\\mysql\\htdocs\\laravel-ajax-crud-master\\laravel-ajax-crud-master\\vendor\\laravel\\framework\\src\\Illuminate\\Foundation\\Http\\Middleware\\VerifyCsrfToken.php(75): Illuminate\\Routing\\Pipeline->Illuminate\\Routing\\{closure}(Object(Illuminate\\Http\\Request))
#18 C:\\mysql\\htdocs\\laravel-ajax-crud-master\\laravel-ajax-crud-master\\vendor\\laravel\\framework\\src\\Illuminate\\Pipeline\\Pipeline.php(163): Illuminate\\Foundation\\Http\\Middleware\\VerifyCsrfToken->handle(Object(Illuminate\\Http\\Request), Object(Closure))
#19 C:\\mysql\\htdocs\\laravel-ajax-crud-master\\laravel-ajax-crud-master\\vendor\\laravel\\framework\\src\\Illuminate\\Routing\\Pipeline.php(53): Illuminate\\Pipeline\\Pipeline->Illuminate\\Pipeline\\{closure}(Object(Illuminate\\Http\\Request))
#20 C:\\mysql\\htdocs\\laravel-ajax-crud-master\\laravel-ajax-crud-master\\vendor\\laravel\\framework\\src\\Illuminate\\View\\Middleware\\ShareErrorsFromSession.php(49): Illuminate\\Routing\\Pipeline->Illuminate\\Routing\\{closure}(Object(Illuminate\\Http\\Request))
#21 C:\\mysql\\htdocs\\laravel-ajax-crud-master\\laravel-ajax-crud-master\\vendor\\laravel\\framework\\src\\Illuminate\\Pipeline\\Pipeline.php(163): Illuminate\\View\\Middleware\\ShareErrorsFromSession->handle(Object(Illuminate\\Http\\Request), Object(Closure))
#22 C:\\mysql\\htdocs\\laravel-ajax-crud-master\\laravel-ajax-crud-master\\vendor\\laravel\\framework\\src\\Illuminate\\Routing\\Pipeline.php(53): Illuminate\\Pipeline\\Pipeline->Illuminate\\Pipeline\\{closure}(Object(Illuminate\\Http\\Request))
#23 C:\\mysql\\htdocs\\laravel-ajax-crud-master\\laravel-ajax-crud-master\\vendor\\laravel\\framework\\src\\Illuminate\\Session\\Middleware\\StartSession.php(56): Illuminate\\Routing\\Pipeline->Illuminate\\Routing\\{closure}(Object(Illuminate\\Http\\Request))
#24 C:\\mysql\\htdocs\\laravel-ajax-crud-master\\laravel-ajax-crud-master\\vendor\\laravel\\framework\\src\\Illuminate\\Pipeline\\Pipeline.php(163): Illuminate\\Session\\Middleware\\StartSession->handle(Object(Illuminate\\Http\\Request), Object(Closure))
#25 C:\\mysql\\htdocs\\laravel-ajax-crud-master\\laravel-ajax-crud-master\\vendor\\laravel\\framework\\src\\Illuminate\\Routing\\Pipeline.php(53): Illuminate\\Pipeline\\Pipeline->Illuminate\\Pipeline\\{closure}(Object(Illuminate\\Http\\Request))
#26 C:\\mysql\\htdocs\\laravel-ajax-crud-master\\laravel-ajax-crud-master\\vendor\\laravel\\framework\\src\\Illuminate\\Cookie\\Middleware\\AddQueuedCookiesToResponse.php(37): Illuminate\\Routing\\Pipeline->Illuminate\\Routing\\{closure}(Object(Illuminate\\Http\\Request))
#27 C:\\mysql\\htdocs\\laravel-ajax-crud-master\\laravel-ajax-crud-master\\vendor\\laravel\\framework\\src\\Illuminate\\Pipeline\\Pipeline.php(163): Illuminate\\Cookie\\Middleware\\AddQueuedCookiesToResponse->handle(Object(Illuminate\\Http\\Request), Object(Closure))
#28 C:\\mysql\\htdocs\\laravel-ajax-crud-master\\laravel-ajax-crud-master\\vendor\\laravel\\framework\\src\\Illuminate\\Routing\\Pipeline.php(53): Illuminate\\Pipeline\\Pipeline->Illuminate\\Pipeline\\{closure}(Object(Illuminate\\Http\\Request))
#29 C:\\mysql\\htdocs\\laravel-ajax-crud-master\\laravel-ajax-crud-master\\vendor\\laravel\\framework\\src\\Illuminate\\Cookie\\Middleware\\EncryptCookies.php(66): Illuminate\\Routing\\Pipeline->Illuminate\\Routing\\{closure}(Object(Illuminate\\Http\\Request))
#30 C:\\mysql\\htdocs\\laravel-ajax-crud-master\\laravel-ajax-crud-master\\vendor\\laravel\\framework\\src\\Illuminate\\Pipeline\\Pipeline.php(163): Illuminate\\Cookie\\Middleware\\EncryptCookies->handle(Object(Illuminate\\Http\\Request), Object(Closure))
#31 C:\\mysql\\htdocs\\laravel-ajax-crud-master\\laravel-ajax-crud-master\\vendor\\laravel\\framework\\src\\Illuminate\\Routing\\Pipeline.php(53): Illuminate\\Pipeline\\Pipeline->Illuminate\\Pipeline\\{closure}(Object(Illuminate\\Http\\Request))
#32 C:\\mysql\\htdocs\\laravel-ajax-crud-master\\laravel-ajax-crud-master\\vendor\\laravel\\framework\\src\\Illuminate\\Pipeline\\Pipeline.php(104): Illuminate\\Routing\\Pipeline->Illuminate\\Routing\\{closure}(Object(Illuminate\\Http\\Request))
#33 C:\\mysql\\htdocs\\laravel-ajax-crud-master\\laravel-ajax-crud-master\\vendor\\laravel\\framework\\src\\Illuminate\\Routing\\Router.php(682): Illuminate\\Pipeline\\Pipeline->then(Object(Closure))
#34 C:\\mysql\\htdocs\\laravel-ajax-crud-master\\laravel-ajax-crud-master\\vendor\\laravel\\framework\\src\\Illuminate\\Routing\\Router.php(657): Illuminate\\Routing\\Router->runRouteWithinStack(Object(Illuminate\\Routing\\Route), Object(Illuminate\\Http\\Request))
#35 C:\\mysql\\htdocs\\laravel-ajax-crud-master\\laravel-ajax-crud-master\\vendor\\laravel\\framework\\src\\Illuminate\\Routing\\Router.php(623): Illuminate\\Routing\\Router->runRoute(Object(Illuminate\\Http\\Request), Object(Illuminate\\Routing\\Route))
#36 C:\\mysql\\htdocs\\laravel-ajax-crud-master\\laravel-ajax-crud-master\\vendor\\laravel\\framework\\src\\Illuminate\\Routing\\Router.php(612): Illuminate\\Routing\\Router->dispatchToRoute(Object(Illuminate\\Http\\Request))
#37 C:\\mysql\\htdocs\\laravel-ajax-crud-master\\laravel-ajax-crud-master\\vendor\\laravel\\framework\\src\\Illuminate\\Foundation\\Http\\Kernel.php(176): Illuminate\\Routing\\Router->dispatch(Object(Illuminate\\Http\\Request))
#38 C:\\mysql\\htdocs\\laravel-ajax-crud-master\\laravel-ajax-crud-master\\vendor\\laravel\\framework\\src\\Illuminate\\Routing\\Pipeline.php(30): Illuminate\\Foundation\\Http\\Kernel->Illuminate\\Foundation\\Http\\{closure}(Object(Illuminate\\Http\\Request))
#39 C:\\mysql\\htdocs\\laravel-ajax-crud-master\\laravel-ajax-crud-master\\vendor\\fideloper\\proxy\\src\\TrustProxies.php(57): Illuminate\\Routing\\Pipeline->Illuminate\\Routing\\{closure}(Object(Illuminate\\Http\\Request))
#40 C:\\mysql\\htdocs\\laravel-ajax-crud-master\\laravel-ajax-crud-master\\vendor\\laravel\\framework\\src\\Illuminate\\Pipeline\\Pipeline.php(163): Fideloper\\Proxy\\TrustProxies->handle(Object(Illuminate\\Http\\Request), Object(Closure))
#41 C:\\mysql\\htdocs\\laravel-ajax-crud-master\\laravel-ajax-crud-master\\vendor\\laravel\\framework\\src\\Illuminate\\Routing\\Pipeline.php(53): Illuminate\\Pipeline\\Pipeline->Illuminate\\Pipeline\\{closure}(Object(Illuminate\\Http\\Request))
#42 C:\\mysql\\htdocs\\laravel-ajax-crud-master\\laravel-ajax-crud-master\\vendor\\laravel\\framework\\src\\Illuminate\\Foundation\\Http\\Middleware\\TransformsRequest.php(21): Illuminate\\Routing\\Pipeline->Illuminate\\Routing\\{closure}(Object(Illuminate\\Http\\Request))
#43 C:\\mysql\\htdocs\\laravel-ajax-crud-master\\laravel-ajax-crud-master\\vendor\\laravel\\framework\\src\\Illuminate\\Pipeline\\Pipeline.php(163): Illuminate\\Foundation\\Http\\Middleware\\TransformsRequest->handle(Object(Illuminate\\Http\\Request), Object(Closure))
#44 C:\\mysql\\htdocs\\laravel-ajax-crud-master\\laravel-ajax-crud-master\\vendor\\laravel\\framework\\src\\Illuminate\\Routing\\Pipeline.php(53): Illuminate\\Pipeline\\Pipeline->Illuminate\\Pipeline\\{closure}(Object(Illuminate\\Http\\Request))
#45 C:\\mysql\\htdocs\\laravel-ajax-crud-master\\laravel-ajax-crud-master\\vendor\\laravel\\framework\\src\\Illuminate\\Foundation\\Http\\Middleware\\TransformsRequest.php(21): Illuminate\\Routing\\Pipeline->Illuminate\\Routing\\{closure}(Object(Illuminate\\Http\\Request))
#46 C:\\mysql\\htdocs\\laravel-ajax-crud-master\\laravel-ajax-crud-master\\vendor\\laravel\\framework\\src\\Illuminate\\Pipeline\\Pipeline.php(163): Illuminate\\Foundation\\Http\\Middleware\\TransformsRequest->handle(Object(Illuminate\\Http\\Request), Object(Closure))
#47 C:\\mysql\\htdocs\\laravel-ajax-crud-master\\laravel-ajax-crud-master\\vendor\\laravel\\framework\\src\\Illuminate\\Routing\\Pipeline.php(53): Illuminate\\Pipeline\\Pipeline->Illuminate\\Pipeline\\{closure}(Object(Illuminate\\Http\\Request))
#48 C:\\mysql\\htdocs\\laravel-ajax-crud-master\\laravel-ajax-crud-master\\vendor\\laravel\\framework\\src\\Illuminate\\Foundation\\Http\\Middleware\\ValidatePostSize.php(27): Illuminate\\Routing\\Pipeline->Illuminate\\Routing\\{closure}(Object(Illuminate\\Http\\Request))
#49 C:\\mysql\\htdocs\\laravel-ajax-crud-master\\laravel-ajax-crud-master\\vendor\\laravel\\framework\\src\\Illuminate\\Pipeline\\Pipeline.php(163): Illuminate\\Foundation\\Http\\Middleware\\ValidatePostSize->handle(Object(Illuminate\\Http\\Request), Object(Closure))
#50 C:\\mysql\\htdocs\\laravel-ajax-crud-master\\laravel-ajax-crud-master\\vendor\\laravel\\framework\\src\\Illuminate\\Routing\\Pipeline.php(53): Illuminate\\Pipeline\\Pipeline->Illuminate\\Pipeline\\{closure}(Object(Illuminate\\Http\\Request))
#51 C:\\mysql\\htdocs\\laravel-ajax-crud-master\\laravel-ajax-crud-master\\vendor\\laravel\\framework\\src\\Illuminate\\Foundation\\Http\\Middleware\\CheckForMaintenanceMode.php(62): Illuminate\\Routing\\Pipeline->Illuminate\\Routing\\{closure}(Object(Illuminate\\Http\\Request))
#52 C:\\mysql\\htdocs\\laravel-ajax-crud-master\\laravel-ajax-crud-master\\vendor\\laravel\\framework\\src\\Illuminate\\Pipeline\\Pipeline.php(163): Illuminate\\Foundation\\Http\\Middleware\\CheckForMaintenanceMode->handle(Object(Illuminate\\Http\\Request), Object(Closure))
#53 C:\\mysql\\htdocs\\laravel-ajax-crud-master\\laravel-ajax-crud-master\\vendor\\laravel\\framework\\src\\Illuminate\\Routing\\Pipeline.php(53): Illuminate\\Pipeline\\Pipeline->Illuminate\\Pipeline\\{closure}(Object(Illuminate\\Http\\Request))
#54 C:\\mysql\\htdocs\\laravel-ajax-crud-master\\laravel-ajax-crud-master\\vendor\\laravel\\framework\\src\\Illuminate\\Pipeline\\Pipeline.php(104): Illuminate\\Routing\\Pipeline->Illuminate\\Routing\\{closure}(Object(Illuminate\\Http\\Request))
#55 C:\\mysql\\htdocs\\laravel-ajax-crud-master\\laravel-ajax-crud-master\\vendor\\laravel\\framework\\src\\Illuminate\\Foundation\\Http\\Kernel.php(151): Illuminate\\Pipeline\\Pipeline->then(Object(Closure))
#56 C:\\mysql\\htdocs\\laravel-ajax-crud-master\\laravel-ajax-crud-master\\vendor\\laravel\\framework\\src\\Illuminate\\Foundation\\Http\\Kernel.php(116): Illuminate\\Foundation\\Http\\Kernel->sendRequestThroughRouter(Object(Illuminate\\Http\\Request))
#57 C:\\mysql\\htdocs\\laravel-ajax-crud-master\\laravel-ajax-crud-master\\public\\index.php(55): Illuminate\\Foundation\\Http\\Kernel->handle(Object(Illuminate\\Http\\Request))
#58 C:\\mysql\\htdocs\\laravel-ajax-crud-master\\laravel-ajax-crud-master\\server.php(21): require_once('C:\\\\mysql\\\\htdocs...')
#59 {main}
"} 
[2020-05-30 19:23:07] local.ERROR: Method Illuminate\Validation\Validator::validateSalary does not exist. {"userId":1,"exception":"[object] (BadMethodCallException(code: 0): Method Illuminate\\Validation\\Validator::validateSalary does not exist. at C:\\mysql\\htdocs\\laravel-ajax-crud-master\\laravel-ajax-crud-master\\vendor\\laravel\\framework\\src\\Illuminate\\Validation\\Validator.php:1187)
[stacktrace]
#0 C:\\mysql\\htdocs\\laravel-ajax-crud-master\\laravel-ajax-crud-master\\vendor\\laravel\\framework\\src\\Illuminate\\Validation\\Validator.php(398): Illuminate\\Validation\\Validator->__call('validateSalary', Array)
#1 C:\\mysql\\htdocs\\laravel-ajax-crud-master\\laravel-ajax-crud-master\\vendor\\laravel\\framework\\src\\Illuminate\\Validation\\Validator.php(277): Illuminate\\Validation\\Validator->validateAttribute('salary', 'Salary')
#2 C:\\mysql\\htdocs\\laravel-ajax-crud-master\\laravel-ajax-crud-master\\vendor\\laravel\\framework\\src\\Illuminate\\Validation\\Validator.php(302): Illuminate\\Validation\\Validator->passes()
#3 C:\\mysql\\htdocs\\laravel-ajax-crud-master\\laravel-ajax-crud-master\\app\\Http\\Controllers\\ContactController.php(40): Illuminate\\Validation\\Validator->fails()
#4 [internal function]: App\\Http\\Controllers\\ContactController->store(Object(Illuminate\\Http\\Request))
#5 C:\\mysql\\htdocs\\laravel-ajax-crud-master\\laravel-ajax-crud-master\\vendor\\laravel\\framework\\src\\Illuminate\\Routing\\Controller.php(54): call_user_func_array(Array, Array)
#6 C:\\mysql\\htdocs\\laravel-ajax-crud-master\\laravel-ajax-crud-master\\vendor\\laravel\\framework\\src\\Illuminate\\Routing\\ControllerDispatcher.php(45): Illuminate\\Routing\\Controller->callAction('store', Array)
#7 C:\\mysql\\htdocs\\laravel-ajax-crud-master\\laravel-ajax-crud-master\\vendor\\laravel\\framework\\src\\Illuminate\\Routing\\Route.php(219): Illuminate\\Routing\\ControllerDispatcher->dispatch(Object(Illuminate\\Routing\\Route), Object(App\\Http\\Controllers\\ContactController), 'store')
#8 C:\\mysql\\htdocs\\laravel-ajax-crud-master\\laravel-ajax-crud-master\\vendor\\laravel\\framework\\src\\Illuminate\\Routing\\Route.php(176): Illuminate\\Routing\\Route->runController()
#9 C:\\mysql\\htdocs\\laravel-ajax-crud-master\\laravel-ajax-crud-master\\vendor\\laravel\\framework\\src\\Illuminate\\Routing\\Router.php(680): Illuminate\\Routing\\Route->run()
#10 C:\\mysql\\htdocs\\laravel-ajax-crud-master\\laravel-ajax-crud-master\\vendor\\laravel\\framework\\src\\Illuminate\\Routing\\Pipeline.php(30): Illuminate\\Routing\\Router->Illuminate\\Routing\\{closure}(Object(Illuminate\\Http\\Request))
#11 C:\\mysql\\htdocs\\laravel-ajax-crud-master\\laravel-ajax-crud-master\\vendor\\laravel\\framework\\src\\Illuminate\\Routing\\Middleware\\SubstituteBindings.php(41): Illuminate\\Routing\\Pipeline->Illuminate\\Routing\\{closure}(Object(Illuminate\\Http\\Request))
#12 C:\\mysql\\htdocs\\laravel-ajax-crud-master\\laravel-ajax-crud-master\\vendor\\laravel\\framework\\src\\Illuminate\\Pipeline\\Pipeline.php(163): Illuminate\\Routing\\Middleware\\SubstituteBindings->handle(Object(Illuminate\\Http\\Request), Object(Closure))
#13 C:\\mysql\\htdocs\\laravel-ajax-crud-master\\laravel-ajax-crud-master\\vendor\\laravel\\framework\\src\\Illuminate\\Routing\\Pipeline.php(53): Illuminate\\Pipeline\\Pipeline->Illuminate\\Pipeline\\{closure}(Object(Illuminate\\Http\\Request))
#14 C:\\mysql\\htdocs\\laravel-ajax-crud-master\\laravel-ajax-crud-master\\vendor\\laravel\\framework\\src\\Illuminate\\Auth\\Middleware\\Authenticate.php(43): Illuminate\\Routing\\Pipeline->Illuminate\\Routing\\{closure}(Object(Illuminate\\Http\\Request))
#15 C:\\mysql\\htdocs\\laravel-ajax-crud-master\\laravel-ajax-crud-master\\vendor\\laravel\\framework\\src\\Illuminate\\Pipeline\\Pipeline.php(163): Illuminate\\Auth\\Middleware\\Authenticate->handle(Object(Illuminate\\Http\\Request), Object(Closure))
#16 C:\\mysql\\htdocs\\laravel-ajax-crud-master\\laravel-ajax-crud-master\\vendor\\laravel\\framework\\src\\Illuminate\\Routing\\Pipeline.php(53): Illuminate\\Pipeline\\Pipeline->Illuminate\\Pipeline\\{closure}(Object(Illuminate\\Http\\Request))
#17 C:\\mysql\\htdocs\\laravel-ajax-crud-master\\laravel-ajax-crud-master\\vendor\\laravel\\framework\\src\\Illuminate\\Foundation\\Http\\Middleware\\VerifyCsrfToken.php(75): Illuminate\\Routing\\Pipeline->Illuminate\\Routing\\{closure}(Object(Illuminate\\Http\\Request))
#18 C:\\mysql\\htdocs\\laravel-ajax-crud-master\\laravel-ajax-crud-master\\vendor\\laravel\\framework\\src\\Illuminate\\Pipeline\\Pipeline.php(163): Illuminate\\Foundation\\Http\\Middleware\\VerifyCsrfToken->handle(Object(Illuminate\\Http\\Request), Object(Closure))
#19 C:\\mysql\\htdocs\\laravel-ajax-crud-master\\laravel-ajax-crud-master\\vendor\\laravel\\framework\\src\\Illuminate\\Routing\\Pipeline.php(53): Illuminate\\Pipeline\\Pipeline->Illuminate\\Pipeline\\{closure}(Object(Illuminate\\Http\\Request))
#20 C:\\mysql\\htdocs\\laravel-ajax-crud-master\\laravel-ajax-crud-master\\vendor\\laravel\\framework\\src\\Illuminate\\View\\Middleware\\ShareErrorsFromSession.php(49): Illuminate\\Routing\\Pipeline->Illuminate\\Routing\\{closure}(Object(Illuminate\\Http\\Request))
#21 C:\\mysql\\htdocs\\laravel-ajax-crud-master\\laravel-ajax-crud-master\\vendor\\laravel\\framework\\src\\Illuminate\\Pipeline\\Pipeline.php(163): Illuminate\\View\\Middleware\\ShareErrorsFromSession->handle(Object(Illuminate\\Http\\Request), Object(Closure))
#22 C:\\mysql\\htdocs\\laravel-ajax-crud-master\\laravel-ajax-crud-master\\vendor\\laravel\\framework\\src\\Illuminate\\Routing\\Pipeline.php(53): Illuminate\\Pipeline\\Pipeline->Illuminate\\Pipeline\\{closure}(Object(Illuminate\\Http\\Request))
#23 C:\\mysql\\htdocs\\laravel-ajax-crud-master\\laravel-ajax-crud-master\\vendor\\laravel\\framework\\src\\Illuminate\\Session\\Middleware\\StartSession.php(56): Illuminate\\Routing\\Pipeline->Illuminate\\Routing\\{closure}(Object(Illuminate\\Http\\Request))
#24 C:\\mysql\\htdocs\\laravel-ajax-crud-master\\laravel-ajax-crud-master\\vendor\\laravel\\framework\\src\\Illuminate\\Pipeline\\Pipeline.php(163): Illuminate\\Session\\Middleware\\StartSession->handle(Object(Illuminate\\Http\\Request), Object(Closure))
#25 C:\\mysql\\htdocs\\laravel-ajax-crud-master\\laravel-ajax-crud-master\\vendor\\laravel\\framework\\src\\Illuminate\\Routing\\Pipeline.php(53): Illuminate\\Pipeline\\Pipeline->Illuminate\\Pipeline\\{closure}(Object(Illuminate\\Http\\Request))
#26 C:\\mysql\\htdocs\\laravel-ajax-crud-master\\laravel-ajax-crud-master\\vendor\\laravel\\framework\\src\\Illuminate\\Cookie\\Middleware\\AddQueuedCookiesToResponse.php(37): Illuminate\\Routing\\Pipeline->Illuminate\\Routing\\{closure}(Object(Illuminate\\Http\\Request))
#27 C:\\mysql\\htdocs\\laravel-ajax-crud-master\\laravel-ajax-crud-master\\vendor\\laravel\\framework\\src\\Illuminate\\Pipeline\\Pipeline.php(163): Illuminate\\Cookie\\Middleware\\AddQueuedCookiesToResponse->handle(Object(Illuminate\\Http\\Request), Object(Closure))
#28 C:\\mysql\\htdocs\\laravel-ajax-crud-master\\laravel-ajax-crud-master\\vendor\\laravel\\framework\\src\\Illuminate\\Routing\\Pipeline.php(53): Illuminate\\Pipeline\\Pipeline->Illuminate\\Pipeline\\{closure}(Object(Illuminate\\Http\\Request))
#29 C:\\mysql\\htdocs\\laravel-ajax-crud-master\\laravel-ajax-crud-master\\vendor\\laravel\\framework\\src\\Illuminate\\Cookie\\Middleware\\EncryptCookies.php(66): Illuminate\\Routing\\Pipeline->Illuminate\\Routing\\{closure}(Object(Illuminate\\Http\\Request))
#30 C:\\mysql\\htdocs\\laravel-ajax-crud-master\\laravel-ajax-crud-master\\vendor\\laravel\\framework\\src\\Illuminate\\Pipeline\\Pipeline.php(163): Illuminate\\Cookie\\Middleware\\EncryptCookies->handle(Object(Illuminate\\Http\\Request), Object(Closure))
#31 C:\\mysql\\htdocs\\laravel-ajax-crud-master\\laravel-ajax-crud-master\\vendor\\laravel\\framework\\src\\Illuminate\\Routing\\Pipeline.php(53): Illuminate\\Pipeline\\Pipeline->Illuminate\\Pipeline\\{closure}(Object(Illuminate\\Http\\Request))
#32 C:\\mysql\\htdocs\\laravel-ajax-crud-master\\laravel-ajax-crud-master\\vendor\\laravel\\framework\\src\\Illuminate\\Pipeline\\Pipeline.php(104): Illuminate\\Routing\\Pipeline->Illuminate\\Routing\\{closure}(Object(Illuminate\\Http\\Request))
#33 C:\\mysql\\htdocs\\laravel-ajax-crud-master\\laravel-ajax-crud-master\\vendor\\laravel\\framework\\src\\Illuminate\\Routing\\Router.php(682): Illuminate\\Pipeline\\Pipeline->then(Object(Closure))
#34 C:\\mysql\\htdocs\\laravel-ajax-crud-master\\laravel-ajax-crud-master\\vendor\\laravel\\framework\\src\\Illuminate\\Routing\\Router.php(657): Illuminate\\Routing\\Router->runRouteWithinStack(Object(Illuminate\\Routing\\Route), Object(Illuminate\\Http\\Request))
#35 C:\\mysql\\htdocs\\laravel-ajax-crud-master\\laravel-ajax-crud-master\\vendor\\laravel\\framework\\src\\Illuminate\\Routing\\Router.php(623): Illuminate\\Routing\\Router->runRoute(Object(Illuminate\\Http\\Request), Object(Illuminate\\Routing\\Route))
#36 C:\\mysql\\htdocs\\laravel-ajax-crud-master\\laravel-ajax-crud-master\\vendor\\laravel\\framework\\src\\Illuminate\\Routing\\Router.php(612): Illuminate\\Routing\\Router->dispatchToRoute(Object(Illuminate\\Http\\Request))
#37 C:\\mysql\\htdocs\\laravel-ajax-crud-master\\laravel-ajax-crud-master\\vendor\\laravel\\framework\\src\\Illuminate\\Foundation\\Http\\Kernel.php(176): Illuminate\\Routing\\Router->dispatch(Object(Illuminate\\Http\\Request))
#38 C:\\mysql\\htdocs\\laravel-ajax-crud-master\\laravel-ajax-crud-master\\vendor\\laravel\\framework\\src\\Illuminate\\Routing\\Pipeline.php(30): Illuminate\\Foundation\\Http\\Kernel->Illuminate\\Foundation\\Http\\{closure}(Object(Illuminate\\Http\\Request))
#39 C:\\mysql\\htdocs\\laravel-ajax-crud-master\\laravel-ajax-crud-master\\vendor\\fideloper\\proxy\\src\\TrustProxies.php(57): Illuminate\\Routing\\Pipeline->Illuminate\\Routing\\{closure}(Object(Illuminate\\Http\\Request))
#40 C:\\mysql\\htdocs\\laravel-ajax-crud-master\\laravel-ajax-crud-master\\vendor\\laravel\\framework\\src\\Illuminate\\Pipeline\\Pipeline.php(163): Fideloper\\Proxy\\TrustProxies->handle(Object(Illuminate\\Http\\Request), Object(Closure))
#41 C:\\mysql\\htdocs\\laravel-ajax-crud-master\\laravel-ajax-crud-master\\vendor\\laravel\\framework\\src\\Illuminate\\Routing\\Pipeline.php(53): Illuminate\\Pipeline\\Pipeline->Illuminate\\Pipeline\\{closure}(Object(Illuminate\\Http\\Request))
#42 C:\\mysql\\htdocs\\laravel-ajax-crud-master\\laravel-ajax-crud-master\\vendor\\laravel\\framework\\src\\Illuminate\\Foundation\\Http\\Middleware\\TransformsRequest.php(21): Illuminate\\Routing\\Pipeline->Illuminate\\Routing\\{closure}(Object(Illuminate\\Http\\Request))
#43 C:\\mysql\\htdocs\\laravel-ajax-crud-master\\laravel-ajax-crud-master\\vendor\\laravel\\framework\\src\\Illuminate\\Pipeline\\Pipeline.php(163): Illuminate\\Foundation\\Http\\Middleware\\TransformsRequest->handle(Object(Illuminate\\Http\\Request), Object(Closure))
#44 C:\\mysql\\htdocs\\laravel-ajax-crud-master\\laravel-ajax-crud-master\\vendor\\laravel\\framework\\src\\Illuminate\\Routing\\Pipeline.php(53): Illuminate\\Pipeline\\Pipeline->Illuminate\\Pipeline\\{closure}(Object(Illuminate\\Http\\Request))
#45 C:\\mysql\\htdocs\\laravel-ajax-crud-master\\laravel-ajax-crud-master\\vendor\\laravel\\framework\\src\\Illuminate\\Foundation\\Http\\Middleware\\TransformsRequest.php(21): Illuminate\\Routing\\Pipeline->Illuminate\\Routing\\{closure}(Object(Illuminate\\Http\\Request))
#46 C:\\mysql\\htdocs\\laravel-ajax-crud-master\\laravel-ajax-crud-master\\vendor\\laravel\\framework\\src\\Illuminate\\Pipeline\\Pipeline.php(163): Illuminate\\Foundation\\Http\\Middleware\\TransformsRequest->handle(Object(Illuminate\\Http\\Request), Object(Closure))
#47 C:\\mysql\\htdocs\\laravel-ajax-crud-master\\laravel-ajax-crud-master\\vendor\\laravel\\framework\\src\\Illuminate\\Routing\\Pipeline.php(53): Illuminate\\Pipeline\\Pipeline->Illuminate\\Pipeline\\{closure}(Object(Illuminate\\Http\\Request))
#48 C:\\mysql\\htdocs\\laravel-ajax-crud-master\\laravel-ajax-crud-master\\vendor\\laravel\\framework\\src\\Illuminate\\Foundation\\Http\\Middleware\\ValidatePostSize.php(27): Illuminate\\Routing\\Pipeline->Illuminate\\Routing\\{closure}(Object(Illuminate\\Http\\Request))
#49 C:\\mysql\\htdocs\\laravel-ajax-crud-master\\laravel-ajax-crud-master\\vendor\\laravel\\framework\\src\\Illuminate\\Pipeline\\Pipeline.php(163): Illuminate\\Foundation\\Http\\Middleware\\ValidatePostSize->handle(Object(Illuminate\\Http\\Request), Object(Closure))
#50 C:\\mysql\\htdocs\\laravel-ajax-crud-master\\laravel-ajax-crud-master\\vendor\\laravel\\framework\\src\\Illuminate\\Routing\\Pipeline.php(53): Illuminate\\Pipeline\\Pipeline->Illuminate\\Pipeline\\{closure}(Object(Illuminate\\Http\\Request))
#51 C:\\mysql\\htdocs\\laravel-ajax-crud-master\\laravel-ajax-crud-master\\vendor\\laravel\\framework\\src\\Illuminate\\Foundation\\Http\\Middleware\\CheckForMaintenanceMode.php(62): Illuminate\\Routing\\Pipeline->Illuminate\\Routing\\{closure}(Object(Illuminate\\Http\\Request))
#52 C:\\mysql\\htdocs\\laravel-ajax-crud-master\\laravel-ajax-crud-master\\vendor\\laravel\\framework\\src\\Illuminate\\Pipeline\\Pipeline.php(163): Illuminate\\Foundation\\Http\\Middleware\\CheckForMaintenanceMode->handle(Object(Illuminate\\Http\\Request), Object(Closure))
#53 C:\\mysql\\htdocs\\laravel-ajax-crud-master\\laravel-ajax-crud-master\\vendor\\laravel\\framework\\src\\Illuminate\\Routing\\Pipeline.php(53): Illuminate\\Pipeline\\Pipeline->Illuminate\\Pipeline\\{closure}(Object(Illuminate\\Http\\Request))
#54 C:\\mysql\\htdocs\\laravel-ajax-crud-master\\laravel-ajax-crud-master\\vendor\\laravel\\framework\\src\\Illuminate\\Pipeline\\Pipeline.php(104): Illuminate\\Routing\\Pipeline->Illuminate\\Routing\\{closure}(Object(Illuminate\\Http\\Request))
#55 C:\\mysql\\htdocs\\laravel-ajax-crud-master\\laravel-ajax-crud-master\\vendor\\laravel\\framework\\src\\Illuminate\\Foundation\\Http\\Kernel.php(151): Illuminate\\Pipeline\\Pipeline->then(Object(Closure))
#56 C:\\mysql\\htdocs\\laravel-ajax-crud-master\\laravel-ajax-crud-master\\vendor\\laravel\\framework\\src\\Illuminate\\Foundation\\Http\\Kernel.php(116): Illuminate\\Foundation\\Http\\Kernel->sendRequestThroughRouter(Object(Illuminate\\Http\\Request))
#57 C:\\mysql\\htdocs\\laravel-ajax-crud-master\\laravel-ajax-crud-master\\public\\index.php(55): Illuminate\\Foundation\\Http\\Kernel->handle(Object(Illuminate\\Http\\Request))
#58 C:\\mysql\\htdocs\\laravel-ajax-crud-master\\laravel-ajax-crud-master\\server.php(21): require_once('C:\\\\mysql\\\\htdocs...')
#59 {main}
"} 
[2020-05-30 19:23:54] local.ERROR: Method Illuminate\Validation\Validator::validateSalary does not exist. {"userId":1,"exception":"[object] (BadMethodCallException(code: 0): Method Illuminate\\Validation\\Validator::validateSalary does not exist. at C:\\mysql\\htdocs\\laravel-ajax-crud-master\\laravel-ajax-crud-master\\vendor\\laravel\\framework\\src\\Illuminate\\Validation\\Validator.php:1187)
[stacktrace]
#0 C:\\mysql\\htdocs\\laravel-ajax-crud-master\\laravel-ajax-crud-master\\vendor\\laravel\\framework\\src\\Illuminate\\Validation\\Validator.php(398): Illuminate\\Validation\\Validator->__call('validateSalary', Array)
#1 C:\\mysql\\htdocs\\laravel-ajax-crud-master\\laravel-ajax-crud-master\\vendor\\laravel\\framework\\src\\Illuminate\\Validation\\Validator.php(277): Illuminate\\Validation\\Validator->validateAttribute('salary', 'Salary')
#2 C:\\mysql\\htdocs\\laravel-ajax-crud-master\\laravel-ajax-crud-master\\vendor\\laravel\\framework\\src\\Illuminate\\Validation\\Validator.php(302): Illuminate\\Validation\\Validator->passes()
#3 C:\\mysql\\htdocs\\laravel-ajax-crud-master\\laravel-ajax-crud-master\\app\\Http\\Controllers\\ContactController.php(40): Illuminate\\Validation\\Validator->fails()
#4 [internal function]: App\\Http\\Controllers\\ContactController->store(Object(Illuminate\\Http\\Request))
#5 C:\\mysql\\htdocs\\laravel-ajax-crud-master\\laravel-ajax-crud-master\\vendor\\laravel\\framework\\src\\Illuminate\\Routing\\Controller.php(54): call_user_func_array(Array, Array)
#6 C:\\mysql\\htdocs\\laravel-ajax-crud-master\\laravel-ajax-crud-master\\vendor\\laravel\\framework\\src\\Illuminate\\Routing\\ControllerDispatcher.php(45): Illuminate\\Routing\\Controller->callAction('store', Array)
#7 C:\\mysql\\htdocs\\laravel-ajax-crud-master\\laravel-ajax-crud-master\\vendor\\laravel\\framework\\src\\Illuminate\\Routing\\Route.php(219): Illuminate\\Routing\\ControllerDispatcher->dispatch(Object(Illuminate\\Routing\\Route), Object(App\\Http\\Controllers\\ContactController), 'store')
#8 C:\\mysql\\htdocs\\laravel-ajax-crud-master\\laravel-ajax-crud-master\\vendor\\laravel\\framework\\src\\Illuminate\\Routing\\Route.php(176): Illuminate\\Routing\\Route->runController()
#9 C:\\mysql\\htdocs\\laravel-ajax-crud-master\\laravel-ajax-crud-master\\vendor\\laravel\\framework\\src\\Illuminate\\Routing\\Router.php(680): Illuminate\\Routing\\Route->run()
#10 C:\\mysql\\htdocs\\laravel-ajax-crud-master\\laravel-ajax-crud-master\\vendor\\laravel\\framework\\src\\Illuminate\\Routing\\Pipeline.php(30): Illuminate\\Routing\\Router->Illuminate\\Routing\\{closure}(Object(Illuminate\\Http\\Request))
#11 C:\\mysql\\htdocs\\laravel-ajax-crud-master\\laravel-ajax-crud-master\\vendor\\laravel\\framework\\src\\Illuminate\\Routing\\Middleware\\SubstituteBindings.php(41): Illuminate\\Routing\\Pipeline->Illuminate\\Routing\\{closure}(Object(Illuminate\\Http\\Request))
#12 C:\\mysql\\htdocs\\laravel-ajax-crud-master\\laravel-ajax-crud-master\\vendor\\laravel\\framework\\src\\Illuminate\\Pipeline\\Pipeline.php(163): Illuminate\\Routing\\Middleware\\SubstituteBindings->handle(Object(Illuminate\\Http\\Request), Object(Closure))
#13 C:\\mysql\\htdocs\\laravel-ajax-crud-master\\laravel-ajax-crud-master\\vendor\\laravel\\framework\\src\\Illuminate\\Routing\\Pipeline.php(53): Illuminate\\Pipeline\\Pipeline->Illuminate\\Pipeline\\{closure}(Object(Illuminate\\Http\\Request))
#14 C:\\mysql\\htdocs\\laravel-ajax-crud-master\\laravel-ajax-crud-master\\vendor\\laravel\\framework\\src\\Illuminate\\Auth\\Middleware\\Authenticate.php(43): Illuminate\\Routing\\Pipeline->Illuminate\\Routing\\{closure}(Object(Illuminate\\Http\\Request))
#15 C:\\mysql\\htdocs\\laravel-ajax-crud-master\\laravel-ajax-crud-master\\vendor\\laravel\\framework\\src\\Illuminate\\Pipeline\\Pipeline.php(163): Illuminate\\Auth\\Middleware\\Authenticate->handle(Object(Illuminate\\Http\\Request), Object(Closure))
#16 C:\\mysql\\htdocs\\laravel-ajax-crud-master\\laravel-ajax-crud-master\\vendor\\laravel\\framework\\src\\Illuminate\\Routing\\Pipeline.php(53): Illuminate\\Pipeline\\Pipeline->Illuminate\\Pipeline\\{closure}(Object(Illuminate\\Http\\Request))
#17 C:\\mysql\\htdocs\\laravel-ajax-crud-master\\laravel-ajax-crud-master\\vendor\\laravel\\framework\\src\\Illuminate\\Foundation\\Http\\Middleware\\VerifyCsrfToken.php(75): Illuminate\\Routing\\Pipeline->Illuminate\\Routing\\{closure}(Object(Illuminate\\Http\\Request))
#18 C:\\mysql\\htdocs\\laravel-ajax-crud-master\\laravel-ajax-crud-master\\vendor\\laravel\\framework\\src\\Illuminate\\Pipeline\\Pipeline.php(163): Illuminate\\Foundation\\Http\\Middleware\\VerifyCsrfToken->handle(Object(Illuminate\\Http\\Request), Object(Closure))
#19 C:\\mysql\\htdocs\\laravel-ajax-crud-master\\laravel-ajax-crud-master\\vendor\\laravel\\framework\\src\\Illuminate\\Routing\\Pipeline.php(53): Illuminate\\Pipeline\\Pipeline->Illuminate\\Pipeline\\{closure}(Object(Illuminate\\Http\\Request))
#20 C:\\mysql\\htdocs\\laravel-ajax-crud-master\\laravel-ajax-crud-master\\vendor\\laravel\\framework\\src\\Illuminate\\View\\Middleware\\ShareErrorsFromSession.php(49): Illuminate\\Routing\\Pipeline->Illuminate\\Routing\\{closure}(Object(Illuminate\\Http\\Request))
#21 C:\\mysql\\htdocs\\laravel-ajax-crud-master\\laravel-ajax-crud-master\\vendor\\laravel\\framework\\src\\Illuminate\\Pipeline\\Pipeline.php(163): Illuminate\\View\\Middleware\\ShareErrorsFromSession->handle(Object(Illuminate\\Http\\Request), Object(Closure))
#22 C:\\mysql\\htdocs\\laravel-ajax-crud-master\\laravel-ajax-crud-master\\vendor\\laravel\\framework\\src\\Illuminate\\Routing\\Pipeline.php(53): Illuminate\\Pipeline\\Pipeline->Illuminate\\Pipeline\\{closure}(Object(Illuminate\\Http\\Request))
#23 C:\\mysql\\htdocs\\laravel-ajax-crud-master\\laravel-ajax-crud-master\\vendor\\laravel\\framework\\src\\Illuminate\\Session\\Middleware\\StartSession.php(56): Illuminate\\Routing\\Pipeline->Illuminate\\Routing\\{closure}(Object(Illuminate\\Http\\Request))
#24 C:\\mysql\\htdocs\\laravel-ajax-crud-master\\laravel-ajax-crud-master\\vendor\\laravel\\framework\\src\\Illuminate\\Pipeline\\Pipeline.php(163): Illuminate\\Session\\Middleware\\StartSession->handle(Object(Illuminate\\Http\\Request), Object(Closure))
#25 C:\\mysql\\htdocs\\laravel-ajax-crud-master\\laravel-ajax-crud-master\\vendor\\laravel\\framework\\src\\Illuminate\\Routing\\Pipeline.php(53): Illuminate\\Pipeline\\Pipeline->Illuminate\\Pipeline\\{closure}(Object(Illuminate\\Http\\Request))
#26 C:\\mysql\\htdocs\\laravel-ajax-crud-master\\laravel-ajax-crud-master\\vendor\\laravel\\framework\\src\\Illuminate\\Cookie\\Middleware\\AddQueuedCookiesToResponse.php(37): Illuminate\\Routing\\Pipeline->Illuminate\\Routing\\{closure}(Object(Illuminate\\Http\\Request))
#27 C:\\mysql\\htdocs\\laravel-ajax-crud-master\\laravel-ajax-crud-master\\vendor\\laravel\\framework\\src\\Illuminate\\Pipeline\\Pipeline.php(163): Illuminate\\Cookie\\Middleware\\AddQueuedCookiesToResponse->handle(Object(Illuminate\\Http\\Request), Object(Closure))
#28 C:\\mysql\\htdocs\\laravel-ajax-crud-master\\laravel-ajax-crud-master\\vendor\\laravel\\framework\\src\\Illuminate\\Routing\\Pipeline.php(53): Illuminate\\Pipeline\\Pipeline->Illuminate\\Pipeline\\{closure}(Object(Illuminate\\Http\\Request))
#29 C:\\mysql\\htdocs\\laravel-ajax-crud-master\\laravel-ajax-crud-master\\vendor\\laravel\\framework\\src\\Illuminate\\Cookie\\Middleware\\EncryptCookies.php(66): Illuminate\\Routing\\Pipeline->Illuminate\\Routing\\{closure}(Object(Illuminate\\Http\\Request))
#30 C:\\mysql\\htdocs\\laravel-ajax-crud-master\\laravel-ajax-crud-master\\vendor\\laravel\\framework\\src\\Illuminate\\Pipeline\\Pipeline.php(163): Illuminate\\Cookie\\Middleware\\EncryptCookies->handle(Object(Illuminate\\Http\\Request), Object(Closure))
#31 C:\\mysql\\htdocs\\laravel-ajax-crud-master\\laravel-ajax-crud-master\\vendor\\laravel\\framework\\src\\Illuminate\\Routing\\Pipeline.php(53): Illuminate\\Pipeline\\Pipeline->Illuminate\\Pipeline\\{closure}(Object(Illuminate\\Http\\Request))
#32 C:\\mysql\\htdocs\\laravel-ajax-crud-master\\laravel-ajax-crud-master\\vendor\\laravel\\framework\\src\\Illuminate\\Pipeline\\Pipeline.php(104): Illuminate\\Routing\\Pipeline->Illuminate\\Routing\\{closure}(Object(Illuminate\\Http\\Request))
#33 C:\\mysql\\htdocs\\laravel-ajax-crud-master\\laravel-ajax-crud-master\\vendor\\laravel\\framework\\src\\Illuminate\\Routing\\Router.php(682): Illuminate\\Pipeline\\Pipeline->then(Object(Closure))
#34 C:\\mysql\\htdocs\\laravel-ajax-crud-master\\laravel-ajax-crud-master\\vendor\\laravel\\framework\\src\\Illuminate\\Routing\\Router.php(657): Illuminate\\Routing\\Router->runRouteWithinStack(Object(Illuminate\\Routing\\Route), Object(Illuminate\\Http\\Request))
#35 C:\\mysql\\htdocs\\laravel-ajax-crud-master\\laravel-ajax-crud-master\\vendor\\laravel\\framework\\src\\Illuminate\\Routing\\Router.php(623): Illuminate\\Routing\\Router->runRoute(Object(Illuminate\\Http\\Request), Object(Illuminate\\Routing\\Route))
#36 C:\\mysql\\htdocs\\laravel-ajax-crud-master\\laravel-ajax-crud-master\\vendor\\laravel\\framework\\src\\Illuminate\\Routing\\Router.php(612): Illuminate\\Routing\\Router->dispatchToRoute(Object(Illuminate\\Http\\Request))
#37 C:\\mysql\\htdocs\\laravel-ajax-crud-master\\laravel-ajax-crud-master\\vendor\\laravel\\framework\\src\\Illuminate\\Foundation\\Http\\Kernel.php(176): Illuminate\\Routing\\Router->dispatch(Object(Illuminate\\Http\\Request))
#38 C:\\mysql\\htdocs\\laravel-ajax-crud-master\\laravel-ajax-crud-master\\vendor\\laravel\\framework\\src\\Illuminate\\Routing\\Pipeline.php(30): Illuminate\\Foundation\\Http\\Kernel->Illuminate\\Foundation\\Http\\{closure}(Object(Illuminate\\Http\\Request))
#39 C:\\mysql\\htdocs\\laravel-ajax-crud-master\\laravel-ajax-crud-master\\vendor\\fideloper\\proxy\\src\\TrustProxies.php(57): Illuminate\\Routing\\Pipeline->Illuminate\\Routing\\{closure}(Object(Illuminate\\Http\\Request))
#40 C:\\mysql\\htdocs\\laravel-ajax-crud-master\\laravel-ajax-crud-master\\vendor\\laravel\\framework\\src\\Illuminate\\Pipeline\\Pipeline.php(163): Fideloper\\Proxy\\TrustProxies->handle(Object(Illuminate\\Http\\Request), Object(Closure))
#41 C:\\mysql\\htdocs\\laravel-ajax-crud-master\\laravel-ajax-crud-master\\vendor\\laravel\\framework\\src\\Illuminate\\Routing\\Pipeline.php(53): Illuminate\\Pipeline\\Pipeline->Illuminate\\Pipeline\\{closure}(Object(Illuminate\\Http\\Request))
#42 C:\\mysql\\htdocs\\laravel-ajax-crud-master\\laravel-ajax-crud-master\\vendor\\laravel\\framework\\src\\Illuminate\\Foundation\\Http\\Middleware\\TransformsRequest.php(21): Illuminate\\Routing\\Pipeline->Illuminate\\Routing\\{closure}(Object(Illuminate\\Http\\Request))
#43 C:\\mysql\\htdocs\\laravel-ajax-crud-master\\laravel-ajax-crud-master\\vendor\\laravel\\framework\\src\\Illuminate\\Pipeline\\Pipeline.php(163): Illuminate\\Foundation\\Http\\Middleware\\TransformsRequest->handle(Object(Illuminate\\Http\\Request), Object(Closure))
#44 C:\\mysql\\htdocs\\laravel-ajax-crud-master\\laravel-ajax-crud-master\\vendor\\laravel\\framework\\src\\Illuminate\\Routing\\Pipeline.php(53): Illuminate\\Pipeline\\Pipeline->Illuminate\\Pipeline\\{closure}(Object(Illuminate\\Http\\Request))
#45 C:\\mysql\\htdocs\\laravel-ajax-crud-master\\laravel-ajax-crud-master\\vendor\\laravel\\framework\\src\\Illuminate\\Foundation\\Http\\Middleware\\TransformsRequest.php(21): Illuminate\\Routing\\Pipeline->Illuminate\\Routing\\{closure}(Object(Illuminate\\Http\\Request))
#46 C:\\mysql\\htdocs\\laravel-ajax-crud-master\\laravel-ajax-crud-master\\vendor\\laravel\\framework\\src\\Illuminate\\Pipeline\\Pipeline.php(163): Illuminate\\Foundation\\Http\\Middleware\\TransformsRequest->handle(Object(Illuminate\\Http\\Request), Object(Closure))
#47 C:\\mysql\\htdocs\\laravel-ajax-crud-master\\laravel-ajax-crud-master\\vendor\\laravel\\framework\\src\\Illuminate\\Routing\\Pipeline.php(53): Illuminate\\Pipeline\\Pipeline->Illuminate\\Pipeline\\{closure}(Object(Illuminate\\Http\\Request))
#48 C:\\mysql\\htdocs\\laravel-ajax-crud-master\\laravel-ajax-crud-master\\vendor\\laravel\\framework\\src\\Illuminate\\Foundation\\Http\\Middleware\\ValidatePostSize.php(27): Illuminate\\Routing\\Pipeline->Illuminate\\Routing\\{closure}(Object(Illuminate\\Http\\Request))
#49 C:\\mysql\\htdocs\\laravel-ajax-crud-master\\laravel-ajax-crud-master\\vendor\\laravel\\framework\\src\\Illuminate\\Pipeline\\Pipeline.php(163): Illuminate\\Foundation\\Http\\Middleware\\ValidatePostSize->handle(Object(Illuminate\\Http\\Request), Object(Closure))
#50 C:\\mysql\\htdocs\\laravel-ajax-crud-master\\laravel-ajax-crud-master\\vendor\\laravel\\framework\\src\\Illuminate\\Routing\\Pipeline.php(53): Illuminate\\Pipeline\\Pipeline->Illuminate\\Pipeline\\{closure}(Object(Illuminate\\Http\\Request))
#51 C:\\mysql\\htdocs\\laravel-ajax-crud-master\\laravel-ajax-crud-master\\vendor\\laravel\\framework\\src\\Illuminate\\Foundation\\Http\\Middleware\\CheckForMaintenanceMode.php(62): Illuminate\\Routing\\Pipeline->Illuminate\\Routing\\{closure}(Object(Illuminate\\Http\\Request))
#52 C:\\mysql\\htdocs\\laravel-ajax-crud-master\\laravel-ajax-crud-master\\vendor\\laravel\\framework\\src\\Illuminate\\Pipeline\\Pipeline.php(163): Illuminate\\Foundation\\Http\\Middleware\\CheckForMaintenanceMode->handle(Object(Illuminate\\Http\\Request), Object(Closure))
#53 C:\\mysql\\htdocs\\laravel-ajax-crud-master\\laravel-ajax-crud-master\\vendor\\laravel\\framework\\src\\Illuminate\\Routing\\Pipeline.php(53): Illuminate\\Pipeline\\Pipeline->Illuminate\\Pipeline\\{closure}(Object(Illuminate\\Http\\Request))
#54 C:\\mysql\\htdocs\\laravel-ajax-crud-master\\laravel-ajax-crud-master\\vendor\\laravel\\framework\\src\\Illuminate\\Pipeline\\Pipeline.php(104): Illuminate\\Routing\\Pipeline->Illuminate\\Routing\\{closure}(Object(Illuminate\\Http\\Request))
#55 C:\\mysql\\htdocs\\laravel-ajax-crud-master\\laravel-ajax-crud-master\\vendor\\laravel\\framework\\src\\Illuminate\\Foundation\\Http\\Kernel.php(151): Illuminate\\Pipeline\\Pipeline->then(Object(Closure))
#56 C:\\mysql\\htdocs\\laravel-ajax-crud-master\\laravel-ajax-crud-master\\vendor\\laravel\\framework\\src\\Illuminate\\Foundation\\Http\\Kernel.php(116): Illuminate\\Foundation\\Http\\Kernel->sendRequestThroughRouter(Object(Illuminate\\Http\\Request))
#57 C:\\mysql\\htdocs\\laravel-ajax-crud-master\\laravel-ajax-crud-master\\public\\index.php(55): Illuminate\\Foundation\\Http\\Kernel->handle(Object(Illuminate\\Http\\Request))
#58 C:\\mysql\\htdocs\\laravel-ajax-crud-master\\laravel-ajax-crud-master\\server.php(21): require_once('C:\\\\mysql\\\\htdocs...')
#59 {main}
"} 
